2025-11-25 22:51:23,960 - INFO - Refreshed proxy list with 3 proxies
2025-11-25 22:51:39,105 - INFO - Processing query 1/61: s
2025-11-25 22:51:44,304 - INFO - Searching Bing for: s (Proxy: False)
2025-11-25 22:51:47,410 - INFO - Trying direct search URL for Bing
2025-11-25 22:52:17,928 - WARNING - Direct search URL failed for Bing: Page.goto: Timeout 30000ms exceeded.
Call log:
  - navigating to "https://www.bing.com/search?q=s", waiting until "networkidle"

2025-11-25 22:52:18,741 - ERROR - Search on Bing failed: Page.goto: net::ERR_ABORTED at https://www.bing.com/
Call log:
  - navigating to "https://www.bing.com/", waiting until "networkidle"

2025-11-25 22:52:18,741 - WARNING - No results from Bing (direct)
2025-11-25 22:52:18,853 - INFO - Searching Bing for: s (Proxy: True)
2025-11-25 22:52:22,488 - INFO - Trying direct search URL for Bing
2025-11-25 22:52:31,036 - WARNING - Direct search URL failed for Bing: Page.goto: net::ERR_TIMED_OUT at https://www.bing.com/search?q=s
Call log:
  - navigating to "https://www.bing.com/search?q=s", waiting until "networkidle"

2025-11-25 22:52:39,542 - ERROR - Search on Bing failed: Page.goto: net::ERR_TIMED_OUT at https://www.bing.com/
Call log:
  - navigating to "https://www.bing.com/", waiting until "networkidle"

2025-11-25 22:52:39,542 - WARNING - No results from Bing (proxy: us1.proxysite.com:8080)
2025-11-25 22:52:39,632 - WARNING - Marked proxy as failed: us1.proxysite.com:8080
2025-11-25 22:52:39,695 - INFO - Searching StartPage for: s (Proxy: False)
2025-11-25 22:52:43,446 - INFO - Trying direct search URL for StartPage
2025-11-25 23:09:02,381 - INFO - Refreshed proxy list with 3 proxies
2025-11-25 23:09:17,798 - INFO - Processing query 1/7: site:wikipedia.org India self sufficient throughout history
2025-11-25 23:09:24,375 - INFO - Searching Bing for: site:wikipedia.org India self sufficient throughout history (Proxy: False)
2025-11-25 23:09:26,752 - INFO - Trying direct search URL for Bing
2025-11-25 23:09:57,266 - WARNING - Direct search URL failed for Bing: Page.goto: Timeout 30000ms exceeded.
Call log:
  - navigating to "https://www.bing.com/search?q=site%3Awikipedia.org%20India%20self%20sufficient%20throughout%20history", waiting until "networkidle"

2025-11-25 23:10:09,795 - ERROR - Bing blocked access immediately
2025-11-25 23:10:09,796 - WARNING - No results from Bing (direct)
2025-11-25 23:10:09,897 - INFO - Searching Bing for: site:wikipedia.org India self sufficient throughout history (Proxy: True)
2025-11-25 23:10:12,777 - INFO - Trying direct search URL for Bing
2025-11-25 23:10:21,291 - WARNING - Direct search URL failed for Bing: Page.goto: net::ERR_TIMED_OUT at https://www.bing.com/search?q=site%3Awikipedia.org%20India%20self%20sufficient%20throughout%20history
Call log:
  - navigating to "https://www.bing.com/search?q=site%3Awikipedia.org%20India%20self%20sufficient%20throughout%20history", waiting until "networkidle"

2025-11-25 23:10:29,811 - ERROR - Search on Bing failed: Page.goto: net::ERR_TIMED_OUT at https://www.bing.com/
Call log:
  - navigating to "https://www.bing.com/", waiting until "networkidle"

2025-11-25 23:10:29,811 - WARNING - No results from Bing (proxy: us1.proxysite.com:8080)
2025-11-25 23:10:29,838 - WARNING - Marked proxy as failed: us1.proxysite.com:8080
2025-11-25 23:10:29,889 - INFO - Searching StartPage for: site:wikipedia.org India self sufficient throughout history (Proxy: False)
2025-11-25 23:10:33,093 - INFO - Trying direct search URL for StartPage
2025-11-25 23:10:38,332 - WARNING - Direct search URL blocked for StartPage
2025-11-25 23:10:38,332 - WARNING - Direct search URL failed for StartPage: StartPage blocked access
2025-11-25 23:11:16,705 - INFO - Scrolled 1 times to load content
2025-11-25 23:11:16,729 - WARNING - No structured results found for StartPage, trying alternative selectors
2025-11-25 23:11:16,730 - WARNING - No structured results found for StartPage, using generic extraction
2025-11-25 23:11:16,731 - WARNING - No results from StartPage (direct)
2025-11-25 23:11:16,797 - INFO - Searching StartPage for: site:wikipedia.org India self sufficient throughout history (Proxy: True)
2025-11-25 23:11:20,510 - INFO - Trying direct search URL for StartPage
2025-11-25 23:11:21,209 - WARNING - Direct search URL failed for StartPage: Page.goto: net::ERR_PROXY_CONNECTION_FAILED at https://www.startpage.com/do/search?query=site%3Awikipedia.org%20India%20self%20sufficient%20throughout%20history
Call log:
  - navigating to "https://www.startpage.com/do/search?query=site%3Awikipedia.org%20India%20self%20sufficient%20throughout%20history", waiting until "networkidle"

2025-11-25 23:11:21,728 - ERROR - Search on StartPage failed: Page.goto: net::ERR_PROXY_CONNECTION_FAILED at https://www.startpage.com/
Call log:
  - navigating to "https://www.startpage.com/", waiting until "networkidle"

2025-11-25 23:11:21,729 - WARNING - No results from StartPage (proxy: de.proxysite.com:8080)
2025-11-25 23:11:21,745 - WARNING - Marked proxy as failed: de.proxysite.com:8080
2025-11-25 23:11:21,746 - ERROR - All search engines failed or are blocked
2025-11-25 23:11:21,752 - WARNING - No links found for query: site:wikipedia.org India self sufficient throughout history. Possible block detected.
2025-11-25 23:11:21,752 - INFO - Processing query 2/7: site:britannica.com India self sufficient throughout history
2025-11-25 23:11:21,866 - INFO - Searching Bing for: site:britannica.com India self sufficient throughout history (Proxy: False)
2025-11-25 23:11:25,766 - INFO - Trying direct search URL for Bing
2025-11-25 23:11:56,271 - WARNING - Direct search URL failed for Bing: Page.goto: Timeout 30000ms exceeded.
Call log:
  - navigating to "https://www.bing.com/search?q=site%3Abritannica.com%20India%20self%20sufficient%20throughout%20history", waiting until "networkidle"

2025-11-25 23:12:08,393 - ERROR - Bing blocked access immediately
2025-11-25 23:12:08,393 - WARNING - No results from Bing (direct)
2025-11-25 23:12:08,487 - INFO - Searching Bing for: site:britannica.com India self sufficient throughout history (Proxy: True)
2025-11-25 23:12:11,958 - INFO - Trying direct search URL for Bing
2025-11-25 23:12:12,547 - WARNING - Direct search URL failed for Bing: Page.goto: net::ERR_PROXY_CONNECTION_FAILED at https://www.bing.com/search?q=site%3Abritannica.com%20India%20self%20sufficient%20throughout%20history
Call log:
  - navigating to "https://www.bing.com/search?q=site%3Abritannica.com%20India%20self%20sufficient%20throughout%20history", waiting until "networkidle"

2025-11-25 23:12:13,063 - ERROR - Search on Bing failed: Page.goto: net::ERR_PROXY_CONNECTION_FAILED at https://www.bing.com/
Call log:
  - navigating to "https://www.bing.com/", waiting until "networkidle"

2025-11-25 23:12:13,063 - WARNING - No results from Bing (proxy: uk.proxysite.com:8080)
2025-11-25 23:12:13,074 - WARNING - Marked proxy as failed: uk.proxysite.com:8080
2025-11-25 23:12:13,119 - INFO - Searching StartPage for: site:britannica.com India self sufficient throughout history (Proxy: False)
2025-11-25 23:12:17,107 - INFO - Trying direct search URL for StartPage
2025-11-25 23:12:21,201 - WARNING - Direct search URL blocked for StartPage
2025-11-25 23:12:21,202 - WARNING - Direct search URL failed for StartPage: StartPage blocked access
2025-11-25 23:12:53,900 - INFO - Scrolled 1 times to load content
2025-11-25 23:12:53,922 - WARNING - No structured results found for StartPage, trying alternative selectors
2025-11-25 23:12:53,923 - WARNING - No structured results found for StartPage, using generic extraction
2025-11-25 23:12:53,923 - WARNING - No results from StartPage (direct)
2025-11-25 23:12:53,927 - ERROR - All search engines failed or are blocked
2025-11-25 23:12:53,939 - WARNING - No links found for query: site:britannica.com India self sufficient throughout history. Possible block detected.
2025-11-25 23:12:53,940 - INFO - Processing query 3/7: site:gov.in India self sufficient throughout history
2025-11-25 23:12:54,034 - INFO - Searching Bing for: site:gov.in India self sufficient throughout history (Proxy: False)
2025-11-25 23:12:57,230 - INFO - Trying direct search URL for Bing
2025-11-25 23:13:27,734 - WARNING - Direct search URL failed for Bing: Page.goto: Timeout 30000ms exceeded.
Call log:
  - navigating to "https://www.bing.com/search?q=site%3Agov.in%20India%20self%20sufficient%20throughout%20history", waiting until "networkidle"

2025-11-25 23:13:39,144 - ERROR - Bing blocked access immediately
2025-11-25 23:13:39,144 - WARNING - No results from Bing (direct)
2025-11-25 23:13:39,210 - INFO - Searching StartPage for: site:gov.in India self sufficient throughout history (Proxy: False)
2025-11-25 23:13:42,758 - INFO - Trying direct search URL for StartPage
2025-11-25 23:13:48,832 - WARNING - Direct search URL blocked for StartPage
2025-11-25 23:13:48,832 - WARNING - Direct search URL failed for StartPage: StartPage blocked access
2025-11-25 23:14:24,553 - INFO - Scrolled 1 times to load content
2025-11-25 23:14:24,580 - WARNING - No structured results found for StartPage, trying alternative selectors
2025-11-25 23:14:24,581 - WARNING - No structured results found for StartPage, using generic extraction
2025-11-25 23:14:24,581 - WARNING - No results from StartPage (direct)
2025-11-25 23:14:24,590 - ERROR - All search engines failed or are blocked
2025-11-25 23:14:24,592 - WARNING - No links found for query: site:gov.in India self sufficient throughout history. Possible block detected.
2025-11-25 23:14:24,593 - INFO - Processing query 4/7: site:who.int India self sufficient throughout history
2025-11-25 23:14:24,702 - INFO - Searching Bing for: site:who.int India self sufficient throughout history (Proxy: False)
2025-11-25 23:14:27,891 - INFO - Trying direct search URL for Bing
2025-11-25 23:14:58,394 - WARNING - Direct search URL failed for Bing: Page.goto: Timeout 30000ms exceeded.
Call log:
  - navigating to "https://www.bing.com/search?q=site%3Awho.int%20India%20self%20sufficient%20throughout%20history", waiting until "networkidle"

2025-11-25 23:15:16,936 - ERROR - Bing blocked access immediately
2025-11-25 23:15:16,942 - WARNING - No results from Bing (direct)
2025-11-25 23:15:17,051 - INFO - Searching StartPage for: site:who.int India self sufficient throughout history (Proxy: False)
2025-11-25 23:15:19,946 - INFO - Trying direct search URL for StartPage
2025-11-25 23:15:25,647 - WARNING - Direct search URL blocked for StartPage
2025-11-25 23:15:25,647 - WARNING - Direct search URL failed for StartPage: StartPage blocked access
2025-11-25 23:15:59,965 - INFO - Scrolled 1 times to load content
2025-11-25 23:16:00,001 - WARNING - No structured results found for StartPage, trying alternative selectors
2025-11-25 23:16:00,002 - WARNING - No structured results found for StartPage, using generic extraction
2025-11-25 23:16:00,002 - WARNING - No results from StartPage (direct)
2025-11-25 23:16:00,008 - ERROR - All search engines failed or are blocked
2025-11-25 23:16:00,012 - WARNING - No links found for query: site:who.int India self sufficient throughout history. Possible block detected.
2025-11-25 23:16:00,012 - INFO - Processing query 5/7: site:nih.gov India self sufficient throughout history
2025-11-25 23:16:00,109 - INFO - Searching Bing for: site:nih.gov India self sufficient throughout history (Proxy: False)
2025-11-25 23:16:04,078 - INFO - Trying direct search URL for Bing
2025-11-25 23:16:34,586 - WARNING - Direct search URL failed for Bing: Page.goto: Timeout 30000ms exceeded.
Call log:
  - navigating to "https://www.bing.com/search?q=site%3Anih.gov%20India%20self%20sufficient%20throughout%20history", waiting until "networkidle"

2025-11-25 23:16:42,404 - ERROR - Bing blocked access immediately
2025-11-25 23:16:42,404 - WARNING - No results from Bing (direct)
2025-11-25 23:16:42,465 - INFO - Searching StartPage for: site:nih.gov India self sufficient throughout history (Proxy: False)
2025-11-25 23:17:53,899 - INFO - Refreshed proxy list with 3 proxies
2025-11-25 23:17:56,462 - INFO - Processing query 1/7: site:wikipedia.org India self sufficient throughout history
2025-11-25 23:18:00,095 - INFO - Searching Bing for: site:wikipedia.org India self sufficient throughout history (Proxy: False)
2025-11-25 23:18:03,946 - INFO - Trying direct search URL for Bing
2025-11-25 23:18:34,452 - WARNING - Direct search URL failed for Bing: Page.goto: Timeout 30000ms exceeded.
Call log:
  - navigating to "https://www.bing.com/search?q=site%3Awikipedia.org%20India%20self%20sufficient%20throughout%20history", waiting until "networkidle"

2025-11-25 23:18:46,464 - ERROR - Bing blocked access immediately
2025-11-25 23:18:46,465 - WARNING - No results from Bing (direct)
2025-11-25 23:18:46,653 - INFO - Searching Bing for: site:wikipedia.org India self sufficient throughout history (Proxy: True)
2025-11-25 23:18:49,669 - INFO - Trying direct search URL for Bing
2025-11-25 23:18:58,229 - WARNING - Direct search URL failed for Bing: Page.goto: net::ERR_TIMED_OUT at https://www.bing.com/search?q=site%3Awikipedia.org%20India%20self%20sufficient%20throughout%20history
Call log:
  - navigating to "https://www.bing.com/search?q=site%3Awikipedia.org%20India%20self%20sufficient%20throughout%20history", waiting until "networkidle"

2025-11-25 23:19:06,743 - ERROR - Search on Bing failed: Page.goto: net::ERR_TIMED_OUT at https://www.bing.com/
Call log:
  - navigating to "https://www.bing.com/", waiting until "networkidle"

2025-11-25 23:19:06,744 - WARNING - No results from Bing (proxy: us1.proxysite.com:8080)
2025-11-25 23:19:06,858 - WARNING - Marked proxy as failed: us1.proxysite.com:8080
2025-11-25 23:19:06,977 - INFO - Searching StartPage for: site:wikipedia.org India self sufficient throughout history (Proxy: False)
2025-11-25 23:19:09,221 - INFO - Trying direct search URL for StartPage
2025-11-25 23:19:15,243 - WARNING - Direct search URL blocked for StartPage
2025-11-25 23:19:15,243 - WARNING - Direct search URL failed for StartPage: StartPage blocked access
2025-11-25 23:19:45,772 - INFO - Scrolled 1 times to load content
2025-11-25 23:19:45,794 - WARNING - No structured results found for StartPage, trying alternative selectors
2025-11-25 23:19:45,796 - WARNING - No structured results found for StartPage, using generic extraction
2025-11-25 23:19:45,797 - WARNING - No results from StartPage (direct)
2025-11-25 23:19:45,974 - INFO - Searching StartPage for: site:wikipedia.org India self sufficient throughout history (Proxy: True)
2025-11-25 23:19:48,858 - INFO - Trying direct search URL for StartPage
2025-11-25 23:19:49,546 - WARNING - Direct search URL failed for StartPage: Page.goto: net::ERR_PROXY_CONNECTION_FAILED at https://www.startpage.com/do/search?query=site%3Awikipedia.org%20India%20self%20sufficient%20throughout%20history
Call log:
  - navigating to "https://www.startpage.com/do/search?query=site%3Awikipedia.org%20India%20self%20sufficient%20throughout%20history", waiting until "networkidle"

2025-11-25 23:19:50,069 - ERROR - Search on StartPage failed: Page.goto: net::ERR_PROXY_CONNECTION_FAILED at https://www.startpage.com/
Call log:
  - navigating to "https://www.startpage.com/", waiting until "networkidle"

2025-11-25 23:19:50,069 - WARNING - No results from StartPage (proxy: de.proxysite.com:8080)
2025-11-25 23:19:50,113 - WARNING - Marked proxy as failed: de.proxysite.com:8080
2025-11-25 23:19:50,113 - ERROR - All search engines failed or are blocked
2025-11-25 23:19:50,130 - WARNING - No links found for query: site:wikipedia.org India self sufficient throughout history. Possible block detected.
2025-11-25 23:19:50,130 - INFO - Processing query 2/7: site:britannica.com India self sufficient throughout history
2025-11-25 23:19:50,368 - INFO - Searching Bing for: site:britannica.com India self sufficient throughout history (Proxy: False)
2025-11-25 23:19:54,314 - INFO - Trying direct search URL for Bing
2025-11-25 23:20:31,472 - INFO - Scrolled 1 times to load content
2025-11-25 23:20:31,542 - WARNING - No structured results found for Bing, trying alternative selectors
2025-11-25 23:20:31,545 - WARNING - No structured results found for Bing, using generic extraction
2025-11-25 23:20:31,546 - WARNING - No results from Bing (direct)
2025-11-25 23:20:31,716 - INFO - Searching Bing for: site:britannica.com India self sufficient throughout history (Proxy: True)
2025-11-25 23:20:35,665 - INFO - Trying direct search URL for Bing
2025-11-25 23:20:36,432 - WARNING - Direct search URL failed for Bing: Page.goto: net::ERR_PROXY_CONNECTION_FAILED at https://www.bing.com/search?q=site%3Abritannica.com%20India%20self%20sufficient%20throughout%20history
Call log:
  - navigating to "https://www.bing.com/search?q=site%3Abritannica.com%20India%20self%20sufficient%20throughout%20history", waiting until "networkidle"

2025-11-25 23:20:36,958 - ERROR - Search on Bing failed: Page.goto: net::ERR_PROXY_CONNECTION_FAILED at https://www.bing.com/
Call log:
  - navigating to "https://www.bing.com/", waiting until "networkidle"

2025-11-25 23:20:36,958 - WARNING - No results from Bing (proxy: uk.proxysite.com:8080)
2025-11-25 23:20:37,010 - WARNING - Marked proxy as failed: uk.proxysite.com:8080
2025-11-25 23:20:37,099 - INFO - Searching StartPage for: site:britannica.com India self sufficient throughout history (Proxy: False)
2025-11-25 23:20:40,230 - INFO - Trying direct search URL for StartPage
2025-11-25 23:20:45,671 - WARNING - Direct search URL blocked for StartPage
2025-11-25 23:20:45,671 - WARNING - Direct search URL failed for StartPage: StartPage blocked access
2025-11-25 23:21:18,363 - INFO - Scrolled 1 times to load content
2025-11-25 23:21:18,386 - WARNING - No structured results found for StartPage, trying alternative selectors
2025-11-25 23:21:18,387 - WARNING - No structured results found for StartPage, using generic extraction
2025-11-25 23:21:18,387 - WARNING - No results from StartPage (direct)
2025-11-25 23:21:18,401 - ERROR - All search engines failed or are blocked
2025-11-25 23:21:18,417 - WARNING - No links found for query: site:britannica.com India self sufficient throughout history. Possible block detected.
2025-11-25 23:21:18,418 - INFO - Processing query 3/7: site:gov.in India self sufficient throughout history
2025-11-25 23:21:18,697 - INFO - Searching Bing for: site:gov.in India self sufficient throughout history (Proxy: False)
2025-11-25 23:21:20,829 - INFO - Trying direct search URL for Bing
2025-11-25 23:21:51,334 - WARNING - Direct search URL failed for Bing: Page.goto: Timeout 30000ms exceeded.
Call log:
  - navigating to "https://www.bing.com/search?q=site%3Agov.in%20India%20self%20sufficient%20throughout%20history", waiting until "networkidle"

2025-11-25 23:22:03,302 - ERROR - Bing blocked access immediately
2025-11-25 23:22:03,302 - WARNING - No results from Bing (direct)
2025-11-25 23:22:03,420 - INFO - Searching StartPage for: site:gov.in India self sufficient throughout history (Proxy: False)
2025-11-25 23:22:06,695 - INFO - Trying direct search URL for StartPage
2025-11-25 23:22:12,488 - WARNING - Direct search URL blocked for StartPage
2025-11-25 23:22:12,488 - WARNING - Direct search URL failed for StartPage: StartPage blocked access
2025-11-25 23:22:48,335 - INFO - Scrolled 1 times to load content
2025-11-25 23:22:48,355 - WARNING - No structured results found for StartPage, trying alternative selectors
2025-11-25 23:22:48,356 - WARNING - No structured results found for StartPage, using generic extraction
2025-11-25 23:22:48,356 - WARNING - No results from StartPage (direct)
2025-11-25 23:22:48,369 - ERROR - All search engines failed or are blocked
2025-11-25 23:22:48,380 - WARNING - No links found for query: site:gov.in India self sufficient throughout history. Possible block detected.
2025-11-25 23:22:48,380 - INFO - Processing query 4/7: site:who.int India self sufficient throughout history
2025-11-25 23:22:48,609 - INFO - Searching Bing for: site:who.int India self sufficient throughout history (Proxy: False)
2025-11-25 23:22:52,514 - INFO - Trying direct search URL for Bing
2025-11-25 23:23:23,018 - WARNING - Direct search URL failed for Bing: Page.goto: Timeout 30000ms exceeded.
Call log:
  - navigating to "https://www.bing.com/search?q=site%3Awho.int%20India%20self%20sufficient%20throughout%20history", waiting until "networkidle"

2025-11-25 23:23:34,318 - ERROR - Bing blocked access immediately
2025-11-25 23:23:34,318 - WARNING - No results from Bing (direct)
2025-11-25 23:23:34,417 - INFO - Searching StartPage for: site:who.int India self sufficient throughout history (Proxy: False)
2025-11-25 23:23:37,373 - INFO - Trying direct search URL for StartPage
2025-11-25 23:23:43,939 - WARNING - Direct search URL blocked for StartPage
2025-11-25 23:23:43,939 - WARNING - Direct search URL failed for StartPage: StartPage blocked access
2025-11-25 23:24:20,563 - INFO - Scrolled 1 times to load content
2025-11-25 23:24:20,586 - WARNING - No structured results found for StartPage, trying alternative selectors
2025-11-25 23:24:20,587 - WARNING - No structured results found for StartPage, using generic extraction
2025-11-25 23:24:20,588 - WARNING - No results from StartPage (direct)
2025-11-25 23:24:20,602 - ERROR - All search engines failed or are blocked
2025-11-25 23:24:20,619 - WARNING - No links found for query: site:who.int India self sufficient throughout history. Possible block detected.
2025-11-25 23:24:20,620 - INFO - Processing query 5/7: site:nih.gov India self sufficient throughout history
2025-11-25 23:24:20,904 - INFO - Searching Bing for: site:nih.gov India self sufficient throughout history (Proxy: False)
2025-11-25 23:24:23,432 - INFO - Trying direct search URL for Bing
2025-11-25 23:24:53,936 - WARNING - Direct search URL failed for Bing: Page.goto: Timeout 30000ms exceeded.
Call log:
  - navigating to "https://www.bing.com/search?q=site%3Anih.gov%20India%20self%20sufficient%20throughout%20history", waiting until "networkidle"

2025-11-25 23:24:59,802 - ERROR - Bing blocked access immediately
2025-11-25 23:24:59,802 - WARNING - No results from Bing (direct)
2025-11-25 23:24:59,912 - INFO - Searching StartPage for: site:nih.gov India self sufficient throughout history (Proxy: False)
2025-11-25 23:25:03,197 - INFO - Trying direct search URL for StartPage
2025-11-25 23:25:09,511 - WARNING - Direct search URL blocked for StartPage
2025-11-25 23:25:09,512 - WARNING - Direct search URL failed for StartPage: StartPage blocked access
2025-11-25 23:25:47,302 - INFO - Scrolled 1 times to load content
2025-11-25 23:25:47,322 - WARNING - No structured results found for StartPage, trying alternative selectors
2025-11-25 23:25:47,323 - WARNING - No structured results found for StartPage, using generic extraction
2025-11-25 23:25:47,323 - WARNING - No results from StartPage (direct)
2025-11-25 23:25:47,335 - ERROR - All search engines failed or are blocked
2025-11-25 23:25:47,343 - WARNING - No links found for query: site:nih.gov India self sufficient throughout history. Possible block detected.
2025-11-25 23:25:47,343 - INFO - Processing query 6/7: site:un.org India self sufficient throughout history
2025-11-25 23:25:47,582 - INFO - Searching Bing for: site:un.org India self sufficient throughout history (Proxy: False)
2025-11-25 23:25:51,070 - INFO - Trying direct search URL for Bing
2025-11-25 23:26:21,574 - WARNING - Direct search URL failed for Bing: Page.goto: Timeout 30000ms exceeded.
Call log:
  - navigating to "https://www.bing.com/search?q=site%3Aun.org%20India%20self%20sufficient%20throughout%20history", waiting until "networkidle"

2025-11-25 23:26:33,061 - ERROR - Bing blocked access immediately
2025-11-25 23:26:33,061 - WARNING - No results from Bing (direct)
2025-11-25 23:26:33,098 - INFO - Searching StartPage for: site:un.org India self sufficient throughout history (Proxy: False)
2025-11-25 23:26:35,552 - INFO - Trying direct search URL for StartPage
2025-11-26 09:15:21,438 - INFO - Refreshed proxy list with 3 proxies
2025-11-26 09:15:30,785 - INFO - Processing query 1/2: Artificial intelligence
2025-11-26 09:15:33,363 - INFO - Searching Bing for: Artificial intelligence (Proxy: False)
2025-11-26 09:15:35,610 - INFO - Trying direct search URL for Bing
2025-11-26 09:16:03,804 - INFO - Scrolled 1 times to load content
2025-11-26 09:16:03,831 - WARNING - No structured results found for Bing, trying alternative selectors
2025-11-26 09:16:03,832 - WARNING - No structured results found for Bing, using generic extraction
2025-11-26 09:16:03,833 - WARNING - No results from Bing (direct)
2025-11-26 09:16:03,867 - INFO - Searching Bing for: Artificial intelligence (Proxy: True)
2025-11-26 09:16:06,782 - INFO - Trying direct search URL for Bing
2025-11-26 09:16:15,293 - WARNING - Direct search URL failed for Bing: Page.goto: net::ERR_TIMED_OUT at https://www.bing.com/search?q=Artificial%20intelligence
Call log:
  - navigating to "https://www.bing.com/search?q=Artificial%20intelligence", waiting until "networkidle"

2025-11-26 09:16:23,807 - ERROR - Search on Bing failed: Page.goto: net::ERR_TIMED_OUT at https://www.bing.com/
Call log:
  - navigating to "https://www.bing.com/", waiting until "networkidle"

2025-11-26 09:16:23,807 - WARNING - No results from Bing (proxy: us1.proxysite.com:8080)
2025-11-26 09:16:23,826 - WARNING - Marked proxy as failed: us1.proxysite.com:8080
2025-11-26 09:16:23,860 - INFO - Searching StartPage for: Artificial intelligence (Proxy: False)
2025-11-26 09:16:26,903 - INFO - Trying direct search URL for StartPage
2025-11-26 09:16:43,348 - INFO - Scrolled 1 times to load content
2025-11-26 09:16:43,410 - INFO - Successfully found 10 links using StartPage (direct)
2025-11-26 09:16:43,410 - WARNING - Only found 10 links after trying all engines
2025-11-26 09:16:43,412 - INFO - Scraping 1/10: en.wikipedia.org
2025-11-26 09:16:43,432 - INFO - Scraping content from: https://en.wikipedia.org/wiki/Artificial_intelligence
2025-11-26 09:16:59,162 - INFO - Scrolled 1 times to load content
2025-11-26 09:16:59,269 - INFO - Found quality content (1/6)
2025-11-26 09:17:02,475 - INFO - Scraping 2/10: ibm.com
2025-11-26 09:17:02,496 - INFO - Scraping content from: https://www.ibm.com/think/topics/artificial-intelligence
2025-11-26 09:17:23,787 - INFO - Scrolled 1 times to load content
2025-11-26 09:17:23,938 - INFO - Found quality content (2/6)
2025-11-26 09:17:30,612 - INFO - Scraping 3/10: cloud.google.com
2025-11-26 09:17:30,634 - INFO - Scraping content from: https://cloud.google.com/learn/what-is-artificial-intelligence
2025-11-26 09:17:47,732 - INFO - Scrolled 1 times to load content
2025-11-26 09:17:47,782 - INFO - Found quality content (3/6)
2025-11-26 09:17:50,945 - INFO - Scraping 4/10: britannica.com
2025-11-26 09:17:50,966 - INFO - Scraping content from: https://www.britannica.com/technology/artificial-intelligence
2025-11-26 09:18:04,955 - INFO - Scrolled 1 times to load content
2025-11-26 09:18:04,983 - INFO - Found quality content (4/6)
2025-11-26 09:18:09,050 - INFO - Scraping 5/10: sap.com
2025-11-26 09:18:09,071 - INFO - Scraping content from: https://www.sap.com/products/artificial-intelligence/what-is-artificial-intelligence.html
2025-11-26 09:30:31,029 - INFO - Kali Linux detected
2025-11-26 09:30:31,029 - INFO - Refreshed proxy list with 3 proxies
2025-11-26 09:30:31,714 - INFO - Searching Bing for: site:wikipedia.org India self sufficient throughout history (Proxy: False)
2025-11-26 09:30:35,449 - INFO - Trying direct search URL for Bing
2025-11-26 09:30:57,411 - INFO - Scrolled 1 times to load content
2025-11-26 09:30:57,440 - WARNING - No structured results found for Bing, trying alternative selectors
2025-11-26 09:30:57,441 - WARNING - No structured results found for Bing, using generic extraction
2025-11-26 09:30:57,442 - WARNING - No results from Bing (direct)
2025-11-26 09:30:57,527 - INFO - Searching Bing for: site:wikipedia.org India self sufficient throughout history (Proxy: True)
2025-11-26 09:31:00,617 - INFO - Trying direct search URL for Bing
2025-11-26 09:31:08,625 - WARNING - Direct search URL failed for Bing: Page.goto: net::ERR_TIMED_OUT at https://www.bing.com/search?q=site%3Awikipedia.org%20India%20self%20sufficient%20throughout%20history
Call log:
  - navigating to "https://www.bing.com/search?q=site%3Awikipedia.org%20India%20self%20sufficient%20throughout%20history", waiting until "networkidle"

2025-11-26 09:31:08,871 - ERROR - Search on Bing failed: Page.goto: net::ERR_TIMED_OUT at https://www.bing.com/
Call log:
  - navigating to "https://www.bing.com/", waiting until "networkidle"

2025-11-26 09:31:08,872 - WARNING - No results from Bing (proxy: us1.proxysite.com:8080)
2025-11-26 09:31:08,895 - WARNING - Marked proxy as failed: us1.proxysite.com:8080
2025-11-26 09:31:08,935 - INFO - Searching StartPage for: site:wikipedia.org India self sufficient throughout history (Proxy: False)
2025-11-26 09:31:12,683 - INFO - Trying direct search URL for StartPage
2025-11-26 09:31:16,789 - WARNING - Direct search URL blocked for StartPage
2025-11-26 09:31:16,789 - WARNING - Direct search URL failed for StartPage: StartPage blocked access
2025-11-26 09:31:50,215 - INFO - Scrolled 1 times to load content
2025-11-26 09:31:50,226 - WARNING - No structured results found for StartPage, trying alternative selectors
2025-11-26 09:31:50,227 - WARNING - No structured results found for StartPage, using generic extraction
2025-11-26 09:31:50,227 - WARNING - No results from StartPage (direct)
2025-11-26 09:31:50,298 - INFO - Searching StartPage for: site:wikipedia.org India self sufficient throughout history (Proxy: True)
2025-11-26 09:31:53,256 - INFO - Trying direct search URL for StartPage
2025-11-26 09:31:53,587 - WARNING - Direct search URL failed for StartPage: Page.goto: net::ERR_PROXY_CONNECTION_FAILED at https://www.startpage.com/do/search?query=site%3Awikipedia.org%20India%20self%20sufficient%20throughout%20history
Call log:
  - navigating to "https://www.startpage.com/do/search?query=site%3Awikipedia.org%20India%20self%20sufficient%20throughout%20history", waiting until "networkidle"

2025-11-26 09:31:53,620 - ERROR - Search on StartPage failed: Page.goto: net::ERR_PROXY_CONNECTION_FAILED at https://www.startpage.com/
Call log:
  - navigating to "https://www.startpage.com/", waiting until "networkidle"

2025-11-26 09:31:53,620 - WARNING - No results from StartPage (proxy: de.proxysite.com:8080)
2025-11-26 09:31:53,641 - WARNING - Marked proxy as failed: de.proxysite.com:8080
2025-11-26 09:31:53,641 - ERROR - All search engines failed or are blocked
2025-11-26 09:31:54,158 - INFO - Searching Bing for: site:britannica.com India self sufficient throughout history (Proxy: False)
2025-11-26 09:31:56,294 - INFO - Trying direct search URL for Bing
2025-11-26 09:32:26,296 - WARNING - Direct search URL failed for Bing: Page.goto: Timeout 30000ms exceeded.
Call log:
  - navigating to "https://www.bing.com/search?q=site%3Abritannica.com%20India%20self%20sufficient%20throughout%20history", waiting until "networkidle"

2025-11-26 09:32:32,029 - ERROR - Bing blocked access immediately
2025-11-26 09:32:32,029 - WARNING - No results from Bing (direct)
2025-11-26 09:32:32,109 - INFO - Searching Bing for: site:britannica.com India self sufficient throughout history (Proxy: True)
2025-11-26 09:32:35,071 - INFO - Trying direct search URL for Bing
2025-11-26 09:32:35,151 - WARNING - Direct search URL failed for Bing: Page.goto: net::ERR_PROXY_CONNECTION_FAILED at https://www.bing.com/search?q=site%3Abritannica.com%20India%20self%20sufficient%20throughout%20history
Call log:
  - navigating to "https://www.bing.com/search?q=site%3Abritannica.com%20India%20self%20sufficient%20throughout%20history", waiting until "networkidle"

2025-11-26 09:32:35,169 - ERROR - Search on Bing failed: Page.goto: net::ERR_PROXY_CONNECTION_FAILED at https://www.bing.com/
Call log:
  - navigating to "https://www.bing.com/", waiting until "networkidle"

2025-11-26 09:32:35,169 - WARNING - No results from Bing (proxy: uk.proxysite.com:8080)
2025-11-26 09:32:35,189 - WARNING - Marked proxy as failed: uk.proxysite.com:8080
2025-11-26 09:32:35,224 - INFO - Searching StartPage for: site:britannica.com India self sufficient throughout history (Proxy: False)
2025-11-26 09:32:37,889 - INFO - Trying direct search URL for StartPage
2025-11-26 09:32:40,475 - WARNING - Direct search URL blocked for StartPage
2025-11-26 09:32:40,475 - WARNING - Direct search URL failed for StartPage: StartPage blocked access
2025-11-26 09:33:07,029 - INFO - Scrolled 1 times to load content
2025-11-26 09:33:07,039 - WARNING - No structured results found for StartPage, trying alternative selectors
2025-11-26 09:33:07,040 - WARNING - No structured results found for StartPage, using generic extraction
2025-11-26 09:33:07,040 - WARNING - No results from StartPage (direct)
2025-11-26 09:33:07,045 - ERROR - All search engines failed or are blocked
2025-11-26 09:33:07,615 - INFO - Searching Bing for: site:gov.in India self sufficient throughout history (Proxy: False)
2025-11-26 09:33:10,093 - INFO - Trying direct search URL for Bing
2025-11-26 09:33:40,096 - WARNING - Direct search URL failed for Bing: Page.goto: Timeout 30000ms exceeded.
Call log:
  - navigating to "https://www.bing.com/search?q=site%3Agov.in%20India%20self%20sufficient%20throughout%20history", waiting until "networkidle"

2025-11-26 09:33:45,939 - ERROR - Bing blocked access immediately
2025-11-26 09:33:45,939 - WARNING - No results from Bing (direct)
2025-11-26 09:33:45,990 - INFO - Searching StartPage for: site:gov.in India self sufficient throughout history (Proxy: False)
2025-11-26 09:33:49,482 - INFO - Trying direct search URL for StartPage
2025-11-26 09:33:53,079 - WARNING - Direct search URL blocked for StartPage
2025-11-26 09:33:53,079 - WARNING - Direct search URL failed for StartPage: StartPage blocked access
2025-11-26 09:34:22,060 - INFO - Scrolled 1 times to load content
2025-11-26 09:34:22,072 - WARNING - No structured results found for StartPage, trying alternative selectors
2025-11-26 09:34:22,072 - WARNING - No structured results found for StartPage, using generic extraction
2025-11-26 09:34:22,072 - WARNING - No results from StartPage (direct)
2025-11-26 09:34:22,078 - ERROR - All search engines failed or are blocked
2025-11-26 09:34:22,597 - INFO - Searching Bing for: site:who.int India self sufficient throughout history (Proxy: False)
2025-11-26 09:34:26,177 - INFO - Trying direct search URL for Bing
2025-11-26 09:34:56,179 - WARNING - Direct search URL failed for Bing: Page.goto: Timeout 30000ms exceeded.
Call log:
  - navigating to "https://www.bing.com/search?q=site%3Awho.int%20India%20self%20sufficient%20throughout%20history", waiting until "networkidle"

2025-11-26 09:35:02,655 - ERROR - Bing blocked access immediately
2025-11-26 09:35:02,655 - WARNING - No results from Bing (direct)
2025-11-26 09:35:02,708 - INFO - Searching StartPage for: site:who.int India self sufficient throughout history (Proxy: False)
2025-11-26 09:35:05,554 - INFO - Trying direct search URL for StartPage
2025-11-26 09:35:10,646 - WARNING - Direct search URL blocked for StartPage
2025-11-26 09:35:10,646 - WARNING - Direct search URL failed for StartPage: StartPage blocked access
2025-11-26 09:35:45,189 - INFO - Scrolled 1 times to load content
2025-11-26 09:35:45,199 - WARNING - No structured results found for StartPage, trying alternative selectors
2025-11-26 09:35:45,200 - WARNING - No structured results found for StartPage, using generic extraction
2025-11-26 09:35:45,200 - WARNING - No results from StartPage (direct)
2025-11-26 09:35:45,205 - ERROR - All search engines failed or are blocked
2025-11-26 09:35:45,743 - INFO - Searching Bing for: site:nih.gov India self sufficient throughout history (Proxy: False)
2025-11-26 09:35:49,327 - INFO - Trying direct search URL for Bing
2025-11-26 09:36:19,330 - WARNING - Direct search URL failed for Bing: Page.goto: Timeout 30000ms exceeded.
Call log:
  - navigating to "https://www.bing.com/search?q=site%3Anih.gov%20India%20self%20sufficient%20throughout%20history", waiting until "networkidle"

2025-11-26 09:55:27,239 - INFO - Kali Linux detected
2025-11-26 09:55:30,521 - INFO - Refreshed proxy list with 41393 proxies
2025-11-26 09:55:30,521 - INFO - Processing query 1/7: 'site:wikipedia.org India self sufficient throughout history'
2025-11-26 09:55:31,253 - INFO - Searching Bing for: site:wikipedia.org India self sufficient throughout history (Proxy: False, Retry: 0)
2025-11-26 09:55:34,992 - INFO - Trying Bing URL: https://www.bing.com/search?q=site%3Awikipedia.org%20India%20self%20sufficient%20throughout%20history
2025-11-26 09:55:36,719 - WARNING - Bing URL blocked: https://www.bing.com/search?q=site%3Awikipedia.org%20India%20self%20sufficient%20throughout%20history
2025-11-26 09:55:36,719 - INFO - Trying Bing URL: https://www.bing.com/?q=site%3Awikipedia.org%20India%20self%20sufficient%20throughout%20history
2025-11-26 09:55:37,391 - WARNING - Bing URL blocked: https://www.bing.com/?q=site%3Awikipedia.org%20India%20self%20sufficient%20throughout%20history
2025-11-26 09:55:37,391 - INFO - Trying Bing URL: https://cc.bingj.com/cache.aspx?d=503-6298-7580&w=8f5c3f3e4e0c6e6b4c2e5f6e5d6e5f6e&u=https%3A//www.bing.com/search%3Fq%3Dsite%3Awikipedia.org%20India%20self%20sufficient%20throughout%20history
2025-11-26 09:55:45,539 - INFO - Scrolled 1 times to load content
2025-11-26 09:55:45,541 - WARNING - No structured results found for Bing, trying alternative selectors
2025-11-26 09:55:45,542 - WARNING - No structured results found for Bing, using generic extraction
2025-11-26 09:55:45,542 - WARNING - All specific URLs failed for Bing, trying generic approach
2025-11-26 09:55:46,127 - ERROR - Bing blocked access immediately
2025-11-26 09:55:46,127 - WARNING - No results from Bing (direct)
2025-11-26 09:55:46,219 - INFO - Searching Bing for: site:wikipedia.org India self sufficient throughout history (Proxy: True, Retry: 0)
2025-11-26 09:55:50,160 - INFO - Trying Bing URL: https://www.bing.com/search?q=site%3Awikipedia.org%20India%20self%20sufficient%20throughout%20history
2025-11-26 09:55:58,174 - WARNING - Bing URL failed: https://www.bing.com/search?q=site%3Awikipedia.org%20India%20self%20sufficient%20throughout%20history - Page.goto: net::ERR_TIMED_OUT at https://www.bing.com/search?q=site%3Awikipedia.org%20India%20self%20sufficient%20throughout%20history
Call log:
  - navigating to "https://www.bing.com/search?q=site%3Awikipedia.org%20India%20self%20sufficient%20throughout%20history", waiting until "domcontentloaded"

2025-11-26 09:55:58,174 - INFO - Trying Bing URL: https://www.bing.com/?q=site%3Awikipedia.org%20India%20self%20sufficient%20throughout%20history
2025-11-26 09:55:58,416 - WARNING - Bing URL failed: https://www.bing.com/?q=site%3Awikipedia.org%20India%20self%20sufficient%20throughout%20history - Page.goto: net::ERR_TIMED_OUT at https://www.bing.com/?q=site%3Awikipedia.org%20India%20self%20sufficient%20throughout%20history
Call log:
  - navigating to "https://www.bing.com/?q=site%3Awikipedia.org%20India%20self%20sufficient%20throughout%20history", waiting until "domcontentloaded"

2025-11-26 09:55:58,416 - INFO - Trying Bing URL: https://cc.bingj.com/cache.aspx?d=503-6298-7580&w=8f5c3f3e4e0c6e6b4c2e5f6e5d6e5f6e&u=https%3A//www.bing.com/search%3Fq%3Dsite%3Awikipedia.org%20India%20self%20sufficient%20throughout%20history
2025-11-26 09:56:06,422 - WARNING - Bing URL failed: https://cc.bingj.com/cache.aspx?d=503-6298-7580&w=8f5c3f3e4e0c6e6b4c2e5f6e5d6e5f6e&u=https%3A//www.bing.com/search%3Fq%3Dsite%3Awikipedia.org%20India%20self%20sufficient%20throughout%20history - Page.goto: net::ERR_TIMED_OUT at https://cc.bingj.com/cache.aspx?d=503-6298-7580&w=8f5c3f3e4e0c6e6b4c2e5f6e5d6e5f6e&u=https%3A//www.bing.com/search%3Fq%3Dsite%3Awikipedia.org%20India%20self%20sufficient%20throughout%20history
Call log:
  - navigating to "https://cc.bingj.com/cache.aspx?d=503-6298-7580&w=8f5c3f3e4e0c6e6b4c2e5f6e5d6e5f6e&u=https%3A//www.bing.com/search%3Fq%3Dsite%3Awikipedia.org%20India%20self%20sufficient%20throughout%20history", waiting until "domcontentloaded"

2025-11-26 09:56:06,422 - WARNING - All specific URLs failed for Bing, trying generic approach
2025-11-26 09:56:14,432 - ERROR - Generic search on Bing failed: Page.goto: net::ERR_TIMED_OUT at https://www.bing.com/
Call log:
  - navigating to "https://www.bing.com/", waiting until "domcontentloaded"

2025-11-26 09:56:14,432 - WARNING - No results from Bing (proxy: 203.243.63.16:80)
2025-11-26 09:56:14,454 - WARNING - Marked proxy as failed: 203.243.63.16:80
2025-11-26 09:56:14,501 - INFO - Searching StartPage for: site:wikipedia.org India self sufficient throughout history (Proxy: False, Retry: 0)
2025-11-26 09:56:17,044 - INFO - Trying StartPage URL: https://www.startpage.com/do/search?query=site%3Awikipedia.org%20India%20self%20sufficient%20throughout%20history
2025-11-26 09:56:18,771 - WARNING - StartPage URL blocked: https://www.startpage.com/do/search?query=site%3Awikipedia.org%20India%20self%20sufficient%20throughout%20history
2025-11-26 09:56:18,771 - INFO - Trying StartPage URL: https://www.startpage.com/sp/search?query=site%3Awikipedia.org%20India%20self%20sufficient%20throughout%20history
2025-11-26 09:56:30,000 - WARNING - StartPage URL failed: https://www.startpage.com/sp/search?query=site%3Awikipedia.org%20India%20self%20sufficient%20throughout%20history - Page.goto: net::ERR_ABORTED at https://www.startpage.com/sp/search?query=site%3Awikipedia.org%20India%20self%20sufficient%20throughout%20history
Call log:
  - navigating to "https://www.startpage.com/sp/search?query=site%3Awikipedia.org%20India%20self%20sufficient%20throughout%20history", waiting until "domcontentloaded"

2025-11-26 09:56:30,000 - INFO - Trying StartPage URL: https://startpage.com/do/search?query=site%3Awikipedia.org%20India%20self%20sufficient%20throughout%20history
2025-11-26 09:56:31,622 - WARNING - StartPage URL blocked: https://startpage.com/do/search?query=site%3Awikipedia.org%20India%20self%20sufficient%20throughout%20history
2025-11-26 09:56:31,622 - WARNING - All specific URLs failed for StartPage, trying generic approach
2025-11-26 09:56:32,394 - ERROR - Generic search on StartPage failed: 'EnhancedSearchScraper' object has no attribute 'find_search_box'
2025-11-26 09:56:32,394 - WARNING - No results from StartPage (direct)
2025-11-26 09:56:32,462 - INFO - Searching StartPage for: site:wikipedia.org India self sufficient throughout history (Proxy: True, Retry: 0)
2025-11-26 09:56:35,897 - INFO - Trying StartPage URL: https://www.startpage.com/do/search?query=site%3Awikipedia.org%20India%20self%20sufficient%20throughout%20history
2025-11-26 09:56:43,911 - WARNING - StartPage URL failed: https://www.startpage.com/do/search?query=site%3Awikipedia.org%20India%20self%20sufficient%20throughout%20history - Page.goto: net::ERR_TIMED_OUT at https://www.startpage.com/do/search?query=site%3Awikipedia.org%20India%20self%20sufficient%20throughout%20history
Call log:
  - navigating to "https://www.startpage.com/do/search?query=site%3Awikipedia.org%20India%20self%20sufficient%20throughout%20history", waiting until "domcontentloaded"

2025-11-26 09:56:43,911 - INFO - Trying StartPage URL: https://www.startpage.com/sp/search?query=site%3Awikipedia.org%20India%20self%20sufficient%20throughout%20history
2025-11-26 09:56:44,151 - WARNING - StartPage URL failed: https://www.startpage.com/sp/search?query=site%3Awikipedia.org%20India%20self%20sufficient%20throughout%20history - Page.goto: net::ERR_TIMED_OUT at https://www.startpage.com/sp/search?query=site%3Awikipedia.org%20India%20self%20sufficient%20throughout%20history
Call log:
  - navigating to "https://www.startpage.com/sp/search?query=site%3Awikipedia.org%20India%20self%20sufficient%20throughout%20history", waiting until "domcontentloaded"

2025-11-26 09:56:44,151 - INFO - Trying StartPage URL: https://startpage.com/do/search?query=site%3Awikipedia.org%20India%20self%20sufficient%20throughout%20history
2025-11-26 09:56:52,157 - WARNING - StartPage URL failed: https://startpage.com/do/search?query=site%3Awikipedia.org%20India%20self%20sufficient%20throughout%20history - Page.goto: net::ERR_TIMED_OUT at https://startpage.com/do/search?query=site%3Awikipedia.org%20India%20self%20sufficient%20throughout%20history
Call log:
  - navigating to "https://startpage.com/do/search?query=site%3Awikipedia.org%20India%20self%20sufficient%20throughout%20history", waiting until "domcontentloaded"

2025-11-26 09:56:52,157 - WARNING - All specific URLs failed for StartPage, trying generic approach
2025-11-26 09:57:00,164 - ERROR - Generic search on StartPage failed: Page.goto: net::ERR_TIMED_OUT at https://www.startpage.com/
Call log:
  - navigating to "https://www.startpage.com/", waiting until "domcontentloaded"

2025-11-26 09:57:00,164 - WARNING - No results from StartPage (proxy: 95.217.104.21:24815)
2025-11-26 09:57:00,190 - WARNING - Marked proxy as failed: 95.217.104.21:24815
2025-11-26 09:57:00,190 - ERROR - All search engines failed or are blocked
2025-11-26 09:57:00,190 - WARNING - Traditional search engines failed, trying alternative methods...
2025-11-26 09:57:07,871 - WARNING - No links found for query: site:wikipedia.org India self sufficient throughout history
2025-11-26 09:57:07,875 - INFO - Cleaned up user data directory: /tmp/chromium-user-data-61dab5b4
2025-11-26 09:57:07,932 - INFO - Processing query 2/7: 'site:britannica.com India self sufficient throughout history'
2025-11-26 09:57:07,932 - INFO - Waiting 15.82 seconds before next query...
2025-11-26 09:57:24,442 - INFO - Searching Bing for: site:britannica.com India self sufficient throughout history (Proxy: False, Retry: 0)
2025-11-26 09:57:27,223 - INFO - Trying Bing URL: https://www.bing.com/search?q=site%3Abritannica.com%20India%20self%20sufficient%20throughout%20history
2025-11-26 09:57:28,941 - WARNING - Bing URL blocked: https://www.bing.com/search?q=site%3Abritannica.com%20India%20self%20sufficient%20throughout%20history
2025-11-26 09:57:28,941 - INFO - Trying Bing URL: https://www.bing.com/?q=site%3Abritannica.com%20India%20self%20sufficient%20throughout%20history
2025-11-26 09:57:29,516 - WARNING - Bing URL blocked: https://www.bing.com/?q=site%3Abritannica.com%20India%20self%20sufficient%20throughout%20history
2025-11-26 09:57:29,516 - INFO - Trying Bing URL: https://cc.bingj.com/cache.aspx?d=503-6298-7580&w=8f5c3f3e4e0c6e6b4c2e5f6e5d6e5f6e&u=https%3A//www.bing.com/search%3Fq%3Dsite%3Abritannica.com%20India%20self%20sufficient%20throughout%20history
2025-11-26 09:57:36,833 - INFO - Scrolled 1 times to load content
2025-11-26 09:57:36,835 - WARNING - No structured results found for Bing, trying alternative selectors
2025-11-26 09:57:36,836 - WARNING - No structured results found for Bing, using generic extraction
2025-11-26 09:57:36,836 - WARNING - All specific URLs failed for Bing, trying generic approach
2025-11-26 09:57:37,244 - ERROR - Bing blocked access immediately
2025-11-26 09:57:37,244 - WARNING - No results from Bing (direct)
2025-11-26 09:57:37,322 - INFO - Searching Bing for: site:britannica.com India self sufficient throughout history (Proxy: True, Retry: 0)
2025-11-26 09:57:39,964 - INFO - Trying Bing URL: https://www.bing.com/search?q=site%3Abritannica.com%20India%20self%20sufficient%20throughout%20history
2025-11-26 09:57:47,979 - WARNING - Bing URL failed: https://www.bing.com/search?q=site%3Abritannica.com%20India%20self%20sufficient%20throughout%20history - Page.goto: net::ERR_TIMED_OUT at https://www.bing.com/search?q=site%3Abritannica.com%20India%20self%20sufficient%20throughout%20history
Call log:
  - navigating to "https://www.bing.com/search?q=site%3Abritannica.com%20India%20self%20sufficient%20throughout%20history", waiting until "domcontentloaded"

2025-11-26 09:57:47,979 - INFO - Trying Bing URL: https://www.bing.com/?q=site%3Abritannica.com%20India%20self%20sufficient%20throughout%20history
2025-11-26 09:57:48,219 - WARNING - Bing URL failed: https://www.bing.com/?q=site%3Abritannica.com%20India%20self%20sufficient%20throughout%20history - Page.goto: net::ERR_TIMED_OUT at https://www.bing.com/?q=site%3Abritannica.com%20India%20self%20sufficient%20throughout%20history
Call log:
  - navigating to "https://www.bing.com/?q=site%3Abritannica.com%20India%20self%20sufficient%20throughout%20history", waiting until "domcontentloaded"

2025-11-26 09:57:48,220 - INFO - Trying Bing URL: https://cc.bingj.com/cache.aspx?d=503-6298-7580&w=8f5c3f3e4e0c6e6b4c2e5f6e5d6e5f6e&u=https%3A//www.bing.com/search%3Fq%3Dsite%3Abritannica.com%20India%20self%20sufficient%20throughout%20history
2025-11-26 09:57:56,226 - WARNING - Bing URL failed: https://cc.bingj.com/cache.aspx?d=503-6298-7580&w=8f5c3f3e4e0c6e6b4c2e5f6e5d6e5f6e&u=https%3A//www.bing.com/search%3Fq%3Dsite%3Abritannica.com%20India%20self%20sufficient%20throughout%20history - Page.goto: net::ERR_TIMED_OUT at https://cc.bingj.com/cache.aspx?d=503-6298-7580&w=8f5c3f3e4e0c6e6b4c2e5f6e5d6e5f6e&u=https%3A//www.bing.com/search%3Fq%3Dsite%3Abritannica.com%20India%20self%20sufficient%20throughout%20history
Call log:
  - navigating to "https://cc.bingj.com/cache.aspx?d=503-6298-7580&w=8f5c3f3e4e0c6e6b4c2e5f6e5d6e5f6e&u=https%3A//www.bing.com/search%3Fq%3Dsite%3Abritannica.com%20India%20self%20sufficient%20throughout%20history", waiting until "domcontentloaded"

2025-11-26 09:57:56,226 - WARNING - All specific URLs failed for Bing, trying generic approach
2025-11-26 09:58:04,236 - ERROR - Generic search on Bing failed: Page.goto: net::ERR_TIMED_OUT at https://www.bing.com/
Call log:
  - navigating to "https://www.bing.com/", waiting until "domcontentloaded"

2025-11-26 09:58:04,236 - WARNING - No results from Bing (proxy: 190.113.40.202:999)
2025-11-26 09:58:04,259 - WARNING - Marked proxy as failed: 190.113.40.202:999
2025-11-26 09:58:04,299 - INFO - Searching StartPage for: site:britannica.com India self sufficient throughout history (Proxy: False, Retry: 0)
2025-11-26 09:58:07,455 - INFO - Trying StartPage URL: https://www.startpage.com/do/search?query=site%3Abritannica.com%20India%20self%20sufficient%20throughout%20history
2025-11-26 09:58:09,258 - WARNING - StartPage URL blocked: https://www.startpage.com/do/search?query=site%3Abritannica.com%20India%20self%20sufficient%20throughout%20history
2025-11-26 09:58:09,258 - INFO - Trying StartPage URL: https://www.startpage.com/sp/search?query=site%3Abritannica.com%20India%20self%20sufficient%20throughout%20history
2025-11-26 09:58:11,910 - WARNING - StartPage URL blocked: https://www.startpage.com/sp/search?query=site%3Abritannica.com%20India%20self%20sufficient%20throughout%20history
2025-11-26 09:58:11,910 - INFO - Trying StartPage URL: https://startpage.com/do/search?query=site%3Abritannica.com%20India%20self%20sufficient%20throughout%20history
2025-11-26 09:58:13,086 - WARNING - StartPage URL blocked: https://startpage.com/do/search?query=site%3Abritannica.com%20India%20self%20sufficient%20throughout%20history
2025-11-26 09:58:13,086 - WARNING - All specific URLs failed for StartPage, trying generic approach
2025-11-26 09:58:14,239 - ERROR - Generic search on StartPage failed: 'EnhancedSearchScraper' object has no attribute 'find_search_box'
2025-11-26 09:58:14,239 - WARNING - No results from StartPage (direct)
2025-11-26 09:58:14,305 - INFO - Searching StartPage for: site:britannica.com India self sufficient throughout history (Proxy: True, Retry: 0)
2025-11-26 09:58:17,109 - INFO - Trying StartPage URL: https://www.startpage.com/do/search?query=site%3Abritannica.com%20India%20self%20sufficient%20throughout%20history
2025-11-26 09:58:25,115 - WARNING - StartPage URL failed: https://www.startpage.com/do/search?query=site%3Abritannica.com%20India%20self%20sufficient%20throughout%20history - Page.goto: net::ERR_TIMED_OUT at https://www.startpage.com/do/search?query=site%3Abritannica.com%20India%20self%20sufficient%20throughout%20history
Call log:
  - navigating to "https://www.startpage.com/do/search?query=site%3Abritannica.com%20India%20self%20sufficient%20throughout%20history", waiting until "domcontentloaded"

2025-11-26 09:58:25,115 - INFO - Trying StartPage URL: https://www.startpage.com/sp/search?query=site%3Abritannica.com%20India%20self%20sufficient%20throughout%20history
2025-11-26 09:58:25,364 - WARNING - StartPage URL failed: https://www.startpage.com/sp/search?query=site%3Abritannica.com%20India%20self%20sufficient%20throughout%20history - Page.goto: net::ERR_TIMED_OUT at https://www.startpage.com/sp/search?query=site%3Abritannica.com%20India%20self%20sufficient%20throughout%20history
Call log:
  - navigating to "https://www.startpage.com/sp/search?query=site%3Abritannica.com%20India%20self%20sufficient%20throughout%20history", waiting until "domcontentloaded"

2025-11-26 09:58:25,364 - INFO - Trying StartPage URL: https://startpage.com/do/search?query=site%3Abritannica.com%20India%20self%20sufficient%20throughout%20history
2025-11-26 09:58:33,368 - WARNING - StartPage URL failed: https://startpage.com/do/search?query=site%3Abritannica.com%20India%20self%20sufficient%20throughout%20history - Page.goto: net::ERR_TIMED_OUT at https://startpage.com/do/search?query=site%3Abritannica.com%20India%20self%20sufficient%20throughout%20history
Call log:
  - navigating to "https://startpage.com/do/search?query=site%3Abritannica.com%20India%20self%20sufficient%20throughout%20history", waiting until "domcontentloaded"

2025-11-26 09:58:33,368 - WARNING - All specific URLs failed for StartPage, trying generic approach
2025-11-26 09:58:41,373 - ERROR - Generic search on StartPage failed: Page.goto: net::ERR_TIMED_OUT at https://www.startpage.com/
Call log:
  - navigating to "https://www.startpage.com/", waiting until "domcontentloaded"

2025-11-26 09:58:41,373 - WARNING - No results from StartPage (proxy: 109.111.212.78:8080)
2025-11-26 09:58:41,394 - WARNING - Marked proxy as failed: 109.111.212.78:8080
2025-11-26 09:58:41,394 - ERROR - All search engines failed or are blocked
2025-11-26 09:58:41,394 - WARNING - Traditional search engines failed, trying alternative methods...
2025-11-26 09:58:47,362 - WARNING - No links found for query: site:britannica.com India self sufficient throughout history
2025-11-26 09:58:47,365 - INFO - Cleaned up user data directory: /tmp/chromium-user-data-13882b8b
2025-11-26 09:58:47,424 - INFO - Processing query 3/7: 'site:gov.in India self sufficient throughout history'
2025-11-26 09:58:47,424 - INFO - Waiting 19.04 seconds before next query...
2025-11-26 09:59:07,146 - INFO - Searching Bing for: site:gov.in India self sufficient throughout history (Proxy: False, Retry: 0)
2025-11-26 09:59:09,616 - INFO - Trying Bing URL: https://www.bing.com/search?q=site%3Agov.in%20India%20self%20sufficient%20throughout%20history
2025-11-26 09:59:11,405 - WARNING - Bing URL blocked: https://www.bing.com/search?q=site%3Agov.in%20India%20self%20sufficient%20throughout%20history
2025-11-26 09:59:11,405 - INFO - Trying Bing URL: https://www.bing.com/?q=site%3Agov.in%20India%20self%20sufficient%20throughout%20history
2025-11-26 09:59:12,553 - WARNING - Bing URL blocked: https://www.bing.com/?q=site%3Agov.in%20India%20self%20sufficient%20throughout%20history
2025-11-26 09:59:12,553 - INFO - Trying Bing URL: https://cc.bingj.com/cache.aspx?d=503-6298-7580&w=8f5c3f3e4e0c6e6b4c2e5f6e5d6e5f6e&u=https%3A//www.bing.com/search%3Fq%3Dsite%3Agov.in%20India%20self%20sufficient%20throughout%20history
2025-11-26 09:59:12,657 - WARNING - Bing URL failed: https://cc.bingj.com/cache.aspx?d=503-6298-7580&w=8f5c3f3e4e0c6e6b4c2e5f6e5d6e5f6e&u=https%3A//www.bing.com/search%3Fq%3Dsite%3Agov.in%20India%20self%20sufficient%20throughout%20history - Page.goto: net::ERR_NAME_NOT_RESOLVED at https://cc.bingj.com/cache.aspx?d=503-6298-7580&w=8f5c3f3e4e0c6e6b4c2e5f6e5d6e5f6e&u=https%3A//www.bing.com/search%3Fq%3Dsite%3Agov.in%20India%20self%20sufficient%20throughout%20history
Call log:
  - navigating to "https://cc.bingj.com/cache.aspx?d=503-6298-7580&w=8f5c3f3e4e0c6e6b4c2e5f6e5d6e5f6e&u=https%3A//www.bing.com/search%3Fq%3Dsite%3Agov.in%20India%20self%20sufficient%20throughout%20history", waiting until "domcontentloaded"

2025-11-26 09:59:12,657 - WARNING - All specific URLs failed for Bing, trying generic approach
2025-11-26 09:59:12,862 - ERROR - Generic search on Bing failed: Page.goto: Navigation to "https://www.bing.com/" is interrupted by another navigation to "chrome-error://chromewebdata/"
Call log:
  - navigating to "https://www.bing.com/", waiting until "domcontentloaded"

2025-11-26 09:59:12,862 - WARNING - No results from Bing (direct)
2025-11-26 09:59:12,940 - INFO - Searching Bing for: site:gov.in India self sufficient throughout history (Proxy: True, Retry: 0)
2025-11-26 09:59:16,862 - INFO - Trying Bing URL: https://www.bing.com/search?q=site%3Agov.in%20India%20self%20sufficient%20throughout%20history
2025-11-26 09:59:24,870 - WARNING - Bing URL failed: https://www.bing.com/search?q=site%3Agov.in%20India%20self%20sufficient%20throughout%20history - Page.goto: net::ERR_TIMED_OUT at https://www.bing.com/search?q=site%3Agov.in%20India%20self%20sufficient%20throughout%20history
Call log:
  - navigating to "https://www.bing.com/search?q=site%3Agov.in%20India%20self%20sufficient%20throughout%20history", waiting until "domcontentloaded"

2025-11-26 09:59:24,870 - INFO - Trying Bing URL: https://www.bing.com/?q=site%3Agov.in%20India%20self%20sufficient%20throughout%20history
2025-11-26 09:59:25,116 - WARNING - Bing URL failed: https://www.bing.com/?q=site%3Agov.in%20India%20self%20sufficient%20throughout%20history - Page.goto: net::ERR_TIMED_OUT at https://www.bing.com/?q=site%3Agov.in%20India%20self%20sufficient%20throughout%20history
Call log:
  - navigating to "https://www.bing.com/?q=site%3Agov.in%20India%20self%20sufficient%20throughout%20history", waiting until "domcontentloaded"

2025-11-26 09:59:25,117 - INFO - Trying Bing URL: https://cc.bingj.com/cache.aspx?d=503-6298-7580&w=8f5c3f3e4e0c6e6b4c2e5f6e5d6e5f6e&u=https%3A//www.bing.com/search%3Fq%3Dsite%3Agov.in%20India%20self%20sufficient%20throughout%20history
2025-11-26 09:59:33,120 - WARNING - Bing URL failed: https://cc.bingj.com/cache.aspx?d=503-6298-7580&w=8f5c3f3e4e0c6e6b4c2e5f6e5d6e5f6e&u=https%3A//www.bing.com/search%3Fq%3Dsite%3Agov.in%20India%20self%20sufficient%20throughout%20history - Page.goto: net::ERR_TIMED_OUT at https://cc.bingj.com/cache.aspx?d=503-6298-7580&w=8f5c3f3e4e0c6e6b4c2e5f6e5d6e5f6e&u=https%3A//www.bing.com/search%3Fq%3Dsite%3Agov.in%20India%20self%20sufficient%20throughout%20history
Call log:
  - navigating to "https://cc.bingj.com/cache.aspx?d=503-6298-7580&w=8f5c3f3e4e0c6e6b4c2e5f6e5d6e5f6e&u=https%3A//www.bing.com/search%3Fq%3Dsite%3Agov.in%20India%20self%20sufficient%20throughout%20history", waiting until "domcontentloaded"

2025-11-26 09:59:33,120 - WARNING - All specific URLs failed for Bing, trying generic approach
2025-11-26 09:59:41,128 - ERROR - Generic search on Bing failed: Page.goto: net::ERR_TIMED_OUT at https://www.bing.com/
Call log:
  - navigating to "https://www.bing.com/", waiting until "domcontentloaded"

2025-11-26 09:59:41,128 - WARNING - No results from Bing (proxy: 102.216.69.176:8080)
2025-11-26 09:59:41,147 - WARNING - Marked proxy as failed: 102.216.69.176:8080
2025-11-26 09:59:41,185 - INFO - Searching StartPage for: site:gov.in India self sufficient throughout history (Proxy: False, Retry: 0)
2025-11-26 09:59:45,068 - INFO - Trying StartPage URL: https://www.startpage.com/do/search?query=site%3Agov.in%20India%20self%20sufficient%20throughout%20history
2025-11-26 09:59:46,719 - WARNING - StartPage URL blocked: https://www.startpage.com/do/search?query=site%3Agov.in%20India%20self%20sufficient%20throughout%20history
2025-11-26 09:59:46,719 - INFO - Trying StartPage URL: https://www.startpage.com/sp/search?query=site%3Agov.in%20India%20self%20sufficient%20throughout%20history
2025-11-26 09:59:48,590 - WARNING - StartPage URL blocked: https://www.startpage.com/sp/search?query=site%3Agov.in%20India%20self%20sufficient%20throughout%20history
2025-11-26 09:59:48,590 - INFO - Trying StartPage URL: https://startpage.com/do/search?query=site%3Agov.in%20India%20self%20sufficient%20throughout%20history
2025-11-26 09:59:49,531 - WARNING - StartPage URL blocked: https://startpage.com/do/search?query=site%3Agov.in%20India%20self%20sufficient%20throughout%20history
2025-11-26 09:59:49,532 - WARNING - All specific URLs failed for StartPage, trying generic approach
2025-11-26 09:59:50,366 - ERROR - Generic search on StartPage failed: 'EnhancedSearchScraper' object has no attribute 'find_search_box'
2025-11-26 09:59:50,366 - WARNING - No results from StartPage (direct)
2025-11-26 09:59:50,435 - INFO - Searching StartPage for: site:gov.in India self sufficient throughout history (Proxy: True, Retry: 0)
2025-11-26 09:59:53,812 - INFO - Trying StartPage URL: https://www.startpage.com/do/search?query=site%3Agov.in%20India%20self%20sufficient%20throughout%20history
2025-11-26 10:00:01,825 - WARNING - StartPage URL failed: https://www.startpage.com/do/search?query=site%3Agov.in%20India%20self%20sufficient%20throughout%20history - Page.goto: net::ERR_TIMED_OUT at https://www.startpage.com/do/search?query=site%3Agov.in%20India%20self%20sufficient%20throughout%20history
Call log:
  - navigating to "https://www.startpage.com/do/search?query=site%3Agov.in%20India%20self%20sufficient%20throughout%20history", waiting until "domcontentloaded"

2025-11-26 10:00:01,825 - INFO - Trying StartPage URL: https://www.startpage.com/sp/search?query=site%3Agov.in%20India%20self%20sufficient%20throughout%20history
2025-11-26 10:00:02,068 - WARNING - StartPage URL failed: https://www.startpage.com/sp/search?query=site%3Agov.in%20India%20self%20sufficient%20throughout%20history - Page.goto: net::ERR_TIMED_OUT at https://www.startpage.com/sp/search?query=site%3Agov.in%20India%20self%20sufficient%20throughout%20history
Call log:
  - navigating to "https://www.startpage.com/sp/search?query=site%3Agov.in%20India%20self%20sufficient%20throughout%20history", waiting until "domcontentloaded"

2025-11-26 10:00:02,068 - INFO - Trying StartPage URL: https://startpage.com/do/search?query=site%3Agov.in%20India%20self%20sufficient%20throughout%20history
2025-11-26 10:00:10,075 - WARNING - StartPage URL failed: https://startpage.com/do/search?query=site%3Agov.in%20India%20self%20sufficient%20throughout%20history - Page.goto: net::ERR_TIMED_OUT at https://startpage.com/do/search?query=site%3Agov.in%20India%20self%20sufficient%20throughout%20history
Call log:
  - navigating to "https://startpage.com/do/search?query=site%3Agov.in%20India%20self%20sufficient%20throughout%20history", waiting until "domcontentloaded"

2025-11-26 10:00:10,076 - WARNING - All specific URLs failed for StartPage, trying generic approach
2025-11-26 10:00:18,083 - ERROR - Generic search on StartPage failed: Page.goto: net::ERR_TIMED_OUT at https://www.startpage.com/
Call log:
  - navigating to "https://www.startpage.com/", waiting until "domcontentloaded"

2025-11-26 10:00:18,084 - WARNING - No results from StartPage (proxy: 107.178.9.186:8080)
2025-11-26 10:00:18,103 - WARNING - Marked proxy as failed: 107.178.9.186:8080
2025-11-26 10:00:18,103 - ERROR - All search engines failed or are blocked
2025-11-26 10:00:18,103 - WARNING - Traditional search engines failed, trying alternative methods...
2025-11-26 10:00:25,558 - WARNING - No links found for query: site:gov.in India self sufficient throughout history
2025-11-26 10:00:25,562 - INFO - Cleaned up user data directory: /tmp/chromium-user-data-e3fe4e37
2025-11-26 10:00:25,621 - INFO - Processing query 4/7: 'site:who.int India self sufficient throughout history'
2025-11-26 10:00:25,621 - INFO - Waiting 12.43 seconds before next query...
2025-11-26 10:00:38,753 - INFO - Searching Bing for: site:who.int India self sufficient throughout history (Proxy: False, Retry: 0)
2025-11-26 10:00:41,690 - INFO - Trying Bing URL: https://www.bing.com/search?q=site%3Awho.int%20India%20self%20sufficient%20throughout%20history
2025-11-26 10:00:44,019 - WARNING - Bing URL blocked: https://www.bing.com/search?q=site%3Awho.int%20India%20self%20sufficient%20throughout%20history
2025-11-26 10:00:44,019 - INFO - Trying Bing URL: https://www.bing.com/?q=site%3Awho.int%20India%20self%20sufficient%20throughout%20history
2025-11-26 10:00:44,658 - WARNING - Bing URL blocked: https://www.bing.com/?q=site%3Awho.int%20India%20self%20sufficient%20throughout%20history
2025-11-26 10:00:44,658 - INFO - Trying Bing URL: https://cc.bingj.com/cache.aspx?d=503-6298-7580&w=8f5c3f3e4e0c6e6b4c2e5f6e5d6e5f6e&u=https%3A//www.bing.com/search%3Fq%3Dsite%3Awho.int%20India%20self%20sufficient%20throughout%20history
2025-11-26 10:00:44,698 - WARNING - Bing URL failed: https://cc.bingj.com/cache.aspx?d=503-6298-7580&w=8f5c3f3e4e0c6e6b4c2e5f6e5d6e5f6e&u=https%3A//www.bing.com/search%3Fq%3Dsite%3Awho.int%20India%20self%20sufficient%20throughout%20history - Page.goto: net::ERR_NAME_NOT_RESOLVED at https://cc.bingj.com/cache.aspx?d=503-6298-7580&w=8f5c3f3e4e0c6e6b4c2e5f6e5d6e5f6e&u=https%3A//www.bing.com/search%3Fq%3Dsite%3Awho.int%20India%20self%20sufficient%20throughout%20history
Call log:
  - navigating to "https://cc.bingj.com/cache.aspx?d=503-6298-7580&w=8f5c3f3e4e0c6e6b4c2e5f6e5d6e5f6e&u=https%3A//www.bing.com/search%3Fq%3Dsite%3Awho.int%20India%20self%20sufficient%20throughout%20history", waiting until "domcontentloaded"

2025-11-26 10:00:44,698 - WARNING - All specific URLs failed for Bing, trying generic approach
2025-11-26 10:00:44,892 - ERROR - Generic search on Bing failed: Page.goto: Navigation to "https://www.bing.com/" is interrupted by another navigation to "chrome-error://chromewebdata/"
Call log:
  - navigating to "https://www.bing.com/", waiting until "domcontentloaded"

2025-11-26 10:00:44,892 - WARNING - No results from Bing (direct)
2025-11-26 10:00:44,966 - INFO - Searching Bing for: site:who.int India self sufficient throughout history (Proxy: True, Retry: 0)
2025-11-26 10:00:47,163 - INFO - Trying Bing URL: https://www.bing.com/search?q=site%3Awho.int%20India%20self%20sufficient%20throughout%20history
2025-11-26 10:00:55,171 - WARNING - Bing URL failed: https://www.bing.com/search?q=site%3Awho.int%20India%20self%20sufficient%20throughout%20history - Page.goto: net::ERR_TIMED_OUT at https://www.bing.com/search?q=site%3Awho.int%20India%20self%20sufficient%20throughout%20history
Call log:
  - navigating to "https://www.bing.com/search?q=site%3Awho.int%20India%20self%20sufficient%20throughout%20history", waiting until "domcontentloaded"

2025-11-26 10:00:55,171 - INFO - Trying Bing URL: https://www.bing.com/?q=site%3Awho.int%20India%20self%20sufficient%20throughout%20history
2025-11-26 10:00:55,419 - WARNING - Bing URL failed: https://www.bing.com/?q=site%3Awho.int%20India%20self%20sufficient%20throughout%20history - Page.goto: net::ERR_TIMED_OUT at https://www.bing.com/?q=site%3Awho.int%20India%20self%20sufficient%20throughout%20history
Call log:
  - navigating to "https://www.bing.com/?q=site%3Awho.int%20India%20self%20sufficient%20throughout%20history", waiting until "domcontentloaded"

2025-11-26 10:00:55,419 - INFO - Trying Bing URL: https://cc.bingj.com/cache.aspx?d=503-6298-7580&w=8f5c3f3e4e0c6e6b4c2e5f6e5d6e5f6e&u=https%3A//www.bing.com/search%3Fq%3Dsite%3Awho.int%20India%20self%20sufficient%20throughout%20history
2025-11-26 10:01:03,427 - WARNING - Bing URL failed: https://cc.bingj.com/cache.aspx?d=503-6298-7580&w=8f5c3f3e4e0c6e6b4c2e5f6e5d6e5f6e&u=https%3A//www.bing.com/search%3Fq%3Dsite%3Awho.int%20India%20self%20sufficient%20throughout%20history - Page.goto: net::ERR_TIMED_OUT at https://cc.bingj.com/cache.aspx?d=503-6298-7580&w=8f5c3f3e4e0c6e6b4c2e5f6e5d6e5f6e&u=https%3A//www.bing.com/search%3Fq%3Dsite%3Awho.int%20India%20self%20sufficient%20throughout%20history
Call log:
  - navigating to "https://cc.bingj.com/cache.aspx?d=503-6298-7580&w=8f5c3f3e4e0c6e6b4c2e5f6e5d6e5f6e&u=https%3A//www.bing.com/search%3Fq%3Dsite%3Awho.int%20India%20self%20sufficient%20throughout%20history", waiting until "domcontentloaded"

2025-11-26 10:01:03,427 - WARNING - All specific URLs failed for Bing, trying generic approach
2025-11-26 10:01:11,436 - ERROR - Generic search on Bing failed: Page.goto: net::ERR_TIMED_OUT at https://www.bing.com/
Call log:
  - navigating to "https://www.bing.com/", waiting until "domcontentloaded"

2025-11-26 10:01:11,436 - WARNING - No results from Bing (proxy: 201.229.250.21:8080)
2025-11-26 10:01:11,457 - WARNING - Marked proxy as failed: 201.229.250.21:8080
2025-11-26 10:01:11,496 - INFO - Searching StartPage for: site:who.int India self sufficient throughout history (Proxy: False, Retry: 0)
2025-11-26 10:01:14,801 - INFO - Trying StartPage URL: https://www.startpage.com/do/search?query=site%3Awho.int%20India%20self%20sufficient%20throughout%20history
2025-11-26 10:01:16,615 - WARNING - StartPage URL blocked: https://www.startpage.com/do/search?query=site%3Awho.int%20India%20self%20sufficient%20throughout%20history
2025-11-26 10:01:16,615 - INFO - Trying StartPage URL: https://www.startpage.com/sp/search?query=site%3Awho.int%20India%20self%20sufficient%20throughout%20history
2025-11-26 10:01:18,069 - WARNING - StartPage URL blocked: https://www.startpage.com/sp/search?query=site%3Awho.int%20India%20self%20sufficient%20throughout%20history
2025-11-26 10:01:18,069 - INFO - Trying StartPage URL: https://startpage.com/do/search?query=site%3Awho.int%20India%20self%20sufficient%20throughout%20history
2025-11-26 10:01:19,039 - WARNING - StartPage URL blocked: https://startpage.com/do/search?query=site%3Awho.int%20India%20self%20sufficient%20throughout%20history
2025-11-26 10:01:19,040 - WARNING - All specific URLs failed for StartPage, trying generic approach
2025-11-26 10:01:20,041 - ERROR - Generic search on StartPage failed: 'EnhancedSearchScraper' object has no attribute 'find_search_box'
2025-11-26 10:01:20,041 - WARNING - No results from StartPage (direct)
2025-11-26 10:01:20,110 - INFO - Searching StartPage for: site:who.int India self sufficient throughout history (Proxy: True, Retry: 0)
2025-11-26 10:01:24,051 - INFO - Trying StartPage URL: https://www.startpage.com/do/search?query=site%3Awho.int%20India%20self%20sufficient%20throughout%20history
2025-11-26 10:02:02,251 - INFO - Scrolled 1 times to load content
2025-11-26 10:02:02,304 - INFO - Successfully found 3 links using StartPage (proxy: 181.212.45.226:8080)
2025-11-26 10:02:02,304 - WARNING - Only found 3 links after trying all engines
2025-11-26 10:02:02,360 - INFO - Scraping content from: https://imsear.searo.who.int/server/api/core/bitstreams/414a589b-7cbe-44d2-a9b8-a19505437562/content
2025-11-26 10:02:32,368 - ERROR - Error scraping https://imsear.searo.who.int/server/api/core/bitstreams/414a589b-7cbe-44d2-a9b8-a19505437562/content: Page.goto: Timeout 30000ms exceeded.
Call log:
  - navigating to "https://imsear.searo.who.int/server/api/core/bitstreams/414a589b-7cbe-44d2-a9b8-a19505437562/content", waiting until "domcontentloaded"

2025-11-26 10:02:32,373 - WARNING - Low quality content from https://imsear.searo.who.int/server/api/core/bitstreams/414a589b-7cbe-44d2-a9b8-a19505437562/content
2025-11-26 10:02:36,748 - INFO - Scraping content from: https://imsear.searo.who.int/server/api/core/bitstreams/82f59fa3-3048-48ee-852b-b8d2d09d7894/content
2025-11-26 10:03:06,754 - ERROR - Error scraping https://imsear.searo.who.int/server/api/core/bitstreams/82f59fa3-3048-48ee-852b-b8d2d09d7894/content: Page.goto: Timeout 30000ms exceeded.
Call log:
  - navigating to "https://imsear.searo.who.int/server/api/core/bitstreams/82f59fa3-3048-48ee-852b-b8d2d09d7894/content", waiting until "domcontentloaded"

2025-11-26 10:03:06,760 - WARNING - Low quality content from https://imsear.searo.who.int/server/api/core/bitstreams/82f59fa3-3048-48ee-852b-b8d2d09d7894/content
2025-11-26 10:03:10,245 - INFO - Scraping content from: https://www.who.int/india/news-room/feature-stories/detail/how-india-scaled-up-its-laboratory-testing-capacity-for-covid19
2025-11-26 10:03:26,664 - INFO - Scrolled 2 times to load content
2025-11-26 10:03:26,703 - INFO - Got quality content from https://www.who.int/india/news-room/feature-stories/detail/how-india-scaled-up-its-laboratory-testing-capacity-for-covid19 (1/6)
2025-11-26 10:03:31,350 - INFO - Cleaned up user data directory: /tmp/chromium-user-data-948f2775
2025-11-26 10:03:31,418 - INFO - Processing query 5/7: 'site:nih.gov India self sufficient throughout history'
2025-11-26 10:03:31,418 - INFO - Waiting 14.84 seconds before next query...
2025-11-26 10:03:46,949 - INFO - Searching Bing for: site:nih.gov India self sufficient throughout history (Proxy: False, Retry: 0)
2025-11-26 10:03:50,437 - INFO - Trying Bing URL: https://www.bing.com/search?q=site%3Anih.gov%20India%20self%20sufficient%20throughout%20history
2025-11-26 10:03:51,954 - WARNING - Bing URL blocked: https://www.bing.com/search?q=site%3Anih.gov%20India%20self%20sufficient%20throughout%20history
2025-11-26 10:03:51,954 - INFO - Trying Bing URL: https://www.bing.com/?q=site%3Anih.gov%20India%20self%20sufficient%20throughout%20history
2025-11-26 10:03:52,434 - WARNING - Bing URL blocked: https://www.bing.com/?q=site%3Anih.gov%20India%20self%20sufficient%20throughout%20history
2025-11-26 10:03:52,434 - INFO - Trying Bing URL: https://cc.bingj.com/cache.aspx?d=503-6298-7580&w=8f5c3f3e4e0c6e6b4c2e5f6e5d6e5f6e&u=https%3A//www.bing.com/search%3Fq%3Dsite%3Anih.gov%20India%20self%20sufficient%20throughout%20history
2025-11-26 10:04:01,704 - INFO - Scrolled 1 times to load content
2025-11-26 10:04:01,706 - WARNING - No structured results found for Bing, trying alternative selectors
2025-11-26 10:04:01,706 - WARNING - No structured results found for Bing, using generic extraction
2025-11-26 10:04:01,706 - WARNING - All specific URLs failed for Bing, trying generic approach
2025-11-26 10:04:02,103 - ERROR - Bing blocked access immediately
2025-11-26 10:04:02,103 - WARNING - No results from Bing (direct)
2025-11-26 10:04:02,175 - INFO - Searching Bing for: site:nih.gov India self sufficient throughout history (Proxy: True, Retry: 0)
2025-11-26 10:04:04,650 - INFO - Trying Bing URL: https://www.bing.com/search?q=site%3Anih.gov%20India%20self%20sufficient%20throughout%20history
2025-11-26 10:04:12,656 - WARNING - Bing URL failed: https://www.bing.com/search?q=site%3Anih.gov%20India%20self%20sufficient%20throughout%20history - Page.goto: net::ERR_TIMED_OUT at https://www.bing.com/search?q=site%3Anih.gov%20India%20self%20sufficient%20throughout%20history
Call log:
  - navigating to "https://www.bing.com/search?q=site%3Anih.gov%20India%20self%20sufficient%20throughout%20history", waiting until "domcontentloaded"

2025-11-26 10:04:12,656 - INFO - Trying Bing URL: https://www.bing.com/?q=site%3Anih.gov%20India%20self%20sufficient%20throughout%20history
2025-11-26 10:04:12,904 - WARNING - Bing URL failed: https://www.bing.com/?q=site%3Anih.gov%20India%20self%20sufficient%20throughout%20history - Page.goto: net::ERR_TIMED_OUT at https://www.bing.com/?q=site%3Anih.gov%20India%20self%20sufficient%20throughout%20history
Call log:
  - navigating to "https://www.bing.com/?q=site%3Anih.gov%20India%20self%20sufficient%20throughout%20history", waiting until "domcontentloaded"

2025-11-26 10:04:12,904 - INFO - Trying Bing URL: https://cc.bingj.com/cache.aspx?d=503-6298-7580&w=8f5c3f3e4e0c6e6b4c2e5f6e5d6e5f6e&u=https%3A//www.bing.com/search%3Fq%3Dsite%3Anih.gov%20India%20self%20sufficient%20throughout%20history
2025-11-26 10:04:20,909 - WARNING - Bing URL failed: https://cc.bingj.com/cache.aspx?d=503-6298-7580&w=8f5c3f3e4e0c6e6b4c2e5f6e5d6e5f6e&u=https%3A//www.bing.com/search%3Fq%3Dsite%3Anih.gov%20India%20self%20sufficient%20throughout%20history - Page.goto: net::ERR_TIMED_OUT at https://cc.bingj.com/cache.aspx?d=503-6298-7580&w=8f5c3f3e4e0c6e6b4c2e5f6e5d6e5f6e&u=https%3A//www.bing.com/search%3Fq%3Dsite%3Anih.gov%20India%20self%20sufficient%20throughout%20history
Call log:
  - navigating to "https://cc.bingj.com/cache.aspx?d=503-6298-7580&w=8f5c3f3e4e0c6e6b4c2e5f6e5d6e5f6e&u=https%3A//www.bing.com/search%3Fq%3Dsite%3Anih.gov%20India%20self%20sufficient%20throughout%20history", waiting until "domcontentloaded"

2025-11-26 10:04:20,909 - WARNING - All specific URLs failed for Bing, trying generic approach
2025-11-26 10:04:28,920 - ERROR - Generic search on Bing failed: Page.goto: net::ERR_TIMED_OUT at https://www.bing.com/
Call log:
  - navigating to "https://www.bing.com/", waiting until "domcontentloaded"

2025-11-26 10:04:28,920 - WARNING - No results from Bing (proxy: 46.160.129.189:3128)
2025-11-26 10:04:28,938 - WARNING - Marked proxy as failed: 46.160.129.189:3128
2025-11-26 10:04:28,983 - INFO - Searching StartPage for: site:nih.gov India self sufficient throughout history (Proxy: False, Retry: 0)
2025-11-26 10:04:32,151 - INFO - Trying StartPage URL: https://www.startpage.com/do/search?query=site%3Anih.gov%20India%20self%20sufficient%20throughout%20history
2025-11-26 10:04:34,038 - WARNING - StartPage URL blocked: https://www.startpage.com/do/search?query=site%3Anih.gov%20India%20self%20sufficient%20throughout%20history
2025-11-26 10:04:34,038 - INFO - Trying StartPage URL: https://www.startpage.com/sp/search?query=site%3Anih.gov%20India%20self%20sufficient%20throughout%20history
2025-11-26 10:04:36,299 - WARNING - StartPage URL blocked: https://www.startpage.com/sp/search?query=site%3Anih.gov%20India%20self%20sufficient%20throughout%20history
2025-11-26 10:04:36,299 - INFO - Trying StartPage URL: https://startpage.com/do/search?query=site%3Anih.gov%20India%20self%20sufficient%20throughout%20history
2025-11-26 10:04:37,284 - WARNING - StartPage URL blocked: https://startpage.com/do/search?query=site%3Anih.gov%20India%20self%20sufficient%20throughout%20history
2025-11-26 10:04:37,284 - WARNING - All specific URLs failed for StartPage, trying generic approach
2025-11-26 10:04:38,425 - ERROR - Generic search on StartPage failed: 'EnhancedSearchScraper' object has no attribute 'find_search_box'
2025-11-26 10:04:38,425 - WARNING - No results from StartPage (direct)
2025-11-26 10:04:38,491 - INFO - Searching StartPage for: site:nih.gov India self sufficient throughout history (Proxy: True, Retry: 0)
2025-11-26 10:04:42,285 - INFO - Trying StartPage URL: https://www.startpage.com/do/search?query=site%3Anih.gov%20India%20self%20sufficient%20throughout%20history
2025-11-26 10:04:50,293 - WARNING - StartPage URL failed: https://www.startpage.com/do/search?query=site%3Anih.gov%20India%20self%20sufficient%20throughout%20history - Page.goto: net::ERR_TIMED_OUT at https://www.startpage.com/do/search?query=site%3Anih.gov%20India%20self%20sufficient%20throughout%20history
Call log:
  - navigating to "https://www.startpage.com/do/search?query=site%3Anih.gov%20India%20self%20sufficient%20throughout%20history", waiting until "domcontentloaded"

2025-11-26 10:04:50,293 - INFO - Trying StartPage URL: https://www.startpage.com/sp/search?query=site%3Anih.gov%20India%20self%20sufficient%20throughout%20history
2025-11-26 10:04:50,541 - WARNING - StartPage URL failed: https://www.startpage.com/sp/search?query=site%3Anih.gov%20India%20self%20sufficient%20throughout%20history - Page.goto: net::ERR_TIMED_OUT at https://www.startpage.com/sp/search?query=site%3Anih.gov%20India%20self%20sufficient%20throughout%20history
Call log:
  - navigating to "https://www.startpage.com/sp/search?query=site%3Anih.gov%20India%20self%20sufficient%20throughout%20history", waiting until "domcontentloaded"

2025-11-26 10:04:50,541 - INFO - Trying StartPage URL: https://startpage.com/do/search?query=site%3Anih.gov%20India%20self%20sufficient%20throughout%20history
2025-11-26 10:04:58,545 - WARNING - StartPage URL failed: https://startpage.com/do/search?query=site%3Anih.gov%20India%20self%20sufficient%20throughout%20history - Page.goto: net::ERR_TIMED_OUT at https://startpage.com/do/search?query=site%3Anih.gov%20India%20self%20sufficient%20throughout%20history
Call log:
  - navigating to "https://startpage.com/do/search?query=site%3Anih.gov%20India%20self%20sufficient%20throughout%20history", waiting until "domcontentloaded"

2025-11-26 10:04:58,545 - WARNING - All specific URLs failed for StartPage, trying generic approach
2025-11-26 10:05:06,549 - ERROR - Generic search on StartPage failed: Page.goto: net::ERR_TIMED_OUT at https://www.startpage.com/
Call log:
  - navigating to "https://www.startpage.com/", waiting until "domcontentloaded"

2025-11-26 10:05:06,549 - WARNING - No results from StartPage (proxy: 95.217.195.146:9999)
2025-11-26 10:05:06,570 - WARNING - Marked proxy as failed: 95.217.195.146:9999
2025-11-26 10:05:06,570 - ERROR - All search engines failed or are blocked
2025-11-26 10:05:06,570 - WARNING - Traditional search engines failed, trying alternative methods...
2025-11-26 10:05:18,759 - WARNING - No links found for query: site:nih.gov India self sufficient throughout history
2025-11-26 10:05:18,763 - INFO - Cleaned up user data directory: /tmp/chromium-user-data-1f00c150
2025-11-26 10:05:18,827 - INFO - Processing query 6/7: 'site:un.org India self sufficient throughout history'
2025-11-26 10:05:18,827 - INFO - Waiting 17.76 seconds before next query...
2025-11-26 10:05:37,295 - INFO - Searching Bing for: site:un.org India self sufficient throughout history (Proxy: False, Retry: 0)
2025-11-26 10:05:39,413 - INFO - Trying Bing URL: https://www.bing.com/search?q=site%3Aun.org%20India%20self%20sufficient%20throughout%20history
2025-11-26 10:05:40,448 - WARNING - Bing URL blocked: https://www.bing.com/search?q=site%3Aun.org%20India%20self%20sufficient%20throughout%20history
2025-11-26 10:05:40,448 - INFO - Trying Bing URL: https://www.bing.com/?q=site%3Aun.org%20India%20self%20sufficient%20throughout%20history
2025-11-26 10:05:41,351 - WARNING - Bing URL blocked: https://www.bing.com/?q=site%3Aun.org%20India%20self%20sufficient%20throughout%20history
2025-11-26 10:05:41,351 - INFO - Trying Bing URL: https://cc.bingj.com/cache.aspx?d=503-6298-7580&w=8f5c3f3e4e0c6e6b4c2e5f6e5d6e5f6e&u=https%3A//www.bing.com/search%3Fq%3Dsite%3Aun.org%20India%20self%20sufficient%20throughout%20history
2025-11-26 10:05:49,777 - INFO - Scrolled 1 times to load content
2025-11-26 10:05:49,779 - WARNING - No structured results found for Bing, trying alternative selectors
2025-11-26 10:05:49,779 - WARNING - No structured results found for Bing, using generic extraction
2025-11-26 10:05:49,779 - WARNING - All specific URLs failed for Bing, trying generic approach
2025-11-26 10:05:50,066 - ERROR - Bing blocked access immediately
2025-11-26 10:05:50,066 - WARNING - No results from Bing (direct)
2025-11-26 10:05:50,145 - INFO - Searching Bing for: site:un.org India self sufficient throughout history (Proxy: True, Retry: 0)
2025-11-26 10:05:52,317 - INFO - Trying Bing URL: https://www.bing.com/search?q=site%3Aun.org%20India%20self%20sufficient%20throughout%20history
2025-11-26 10:06:00,329 - WARNING - Bing URL failed: https://www.bing.com/search?q=site%3Aun.org%20India%20self%20sufficient%20throughout%20history - Page.goto: net::ERR_TIMED_OUT at https://www.bing.com/search?q=site%3Aun.org%20India%20self%20sufficient%20throughout%20history
Call log:
  - navigating to "https://www.bing.com/search?q=site%3Aun.org%20India%20self%20sufficient%20throughout%20history", waiting until "domcontentloaded"

2025-11-26 10:06:00,329 - INFO - Trying Bing URL: https://www.bing.com/?q=site%3Aun.org%20India%20self%20sufficient%20throughout%20history
2025-11-26 10:06:00,572 - WARNING - Bing URL failed: https://www.bing.com/?q=site%3Aun.org%20India%20self%20sufficient%20throughout%20history - Page.goto: net::ERR_TIMED_OUT at https://www.bing.com/?q=site%3Aun.org%20India%20self%20sufficient%20throughout%20history
Call log:
  - navigating to "https://www.bing.com/?q=site%3Aun.org%20India%20self%20sufficient%20throughout%20history", waiting until "domcontentloaded"

2025-11-26 10:06:00,572 - INFO - Trying Bing URL: https://cc.bingj.com/cache.aspx?d=503-6298-7580&w=8f5c3f3e4e0c6e6b4c2e5f6e5d6e5f6e&u=https%3A//www.bing.com/search%3Fq%3Dsite%3Aun.org%20India%20self%20sufficient%20throughout%20history
2025-11-26 10:06:08,579 - WARNING - Bing URL failed: https://cc.bingj.com/cache.aspx?d=503-6298-7580&w=8f5c3f3e4e0c6e6b4c2e5f6e5d6e5f6e&u=https%3A//www.bing.com/search%3Fq%3Dsite%3Aun.org%20India%20self%20sufficient%20throughout%20history - Page.goto: net::ERR_TIMED_OUT at https://cc.bingj.com/cache.aspx?d=503-6298-7580&w=8f5c3f3e4e0c6e6b4c2e5f6e5d6e5f6e&u=https%3A//www.bing.com/search%3Fq%3Dsite%3Aun.org%20India%20self%20sufficient%20throughout%20history
Call log:
  - navigating to "https://cc.bingj.com/cache.aspx?d=503-6298-7580&w=8f5c3f3e4e0c6e6b4c2e5f6e5d6e5f6e&u=https%3A//www.bing.com/search%3Fq%3Dsite%3Aun.org%20India%20self%20sufficient%20throughout%20history", waiting until "domcontentloaded"

2025-11-26 10:06:08,579 - WARNING - All specific URLs failed for Bing, trying generic approach
2025-11-26 10:06:16,588 - ERROR - Generic search on Bing failed: Page.goto: net::ERR_TIMED_OUT at https://www.bing.com/
Call log:
  - navigating to "https://www.bing.com/", waiting until "domcontentloaded"

2025-11-26 10:06:16,588 - WARNING - No results from Bing (proxy: 190.111.209.207:3128)
2025-11-26 10:06:16,608 - WARNING - Marked proxy as failed: 190.111.209.207:3128
2025-11-26 10:06:16,648 - INFO - Searching StartPage for: site:un.org India self sufficient throughout history (Proxy: False, Retry: 0)
2025-11-26 10:06:19,843 - INFO - Trying StartPage URL: https://www.startpage.com/do/search?query=site%3Aun.org%20India%20self%20sufficient%20throughout%20history
2025-11-26 10:06:21,044 - WARNING - StartPage URL blocked: https://www.startpage.com/do/search?query=site%3Aun.org%20India%20self%20sufficient%20throughout%20history
2025-11-26 10:06:21,044 - INFO - Trying StartPage URL: https://www.startpage.com/sp/search?query=site%3Aun.org%20India%20self%20sufficient%20throughout%20history
2025-11-26 10:06:22,065 - WARNING - StartPage URL blocked: https://www.startpage.com/sp/search?query=site%3Aun.org%20India%20self%20sufficient%20throughout%20history
2025-11-26 10:06:22,065 - INFO - Trying StartPage URL: https://startpage.com/do/search?query=site%3Aun.org%20India%20self%20sufficient%20throughout%20history
2025-11-26 10:06:22,933 - WARNING - StartPage URL blocked: https://startpage.com/do/search?query=site%3Aun.org%20India%20self%20sufficient%20throughout%20history
2025-11-26 10:06:22,934 - WARNING - All specific URLs failed for StartPage, trying generic approach
2025-11-26 10:06:23,456 - ERROR - Generic search on StartPage failed: 'EnhancedSearchScraper' object has no attribute 'find_search_box'
2025-11-26 10:06:23,456 - WARNING - No results from StartPage (direct)
2025-11-26 10:06:23,530 - INFO - Searching StartPage for: site:un.org India self sufficient throughout history (Proxy: True, Retry: 0)
2025-11-26 10:06:27,048 - INFO - Trying StartPage URL: https://www.startpage.com/do/search?query=site%3Aun.org%20India%20self%20sufficient%20throughout%20history
2025-11-26 10:06:35,061 - WARNING - StartPage URL failed: https://www.startpage.com/do/search?query=site%3Aun.org%20India%20self%20sufficient%20throughout%20history - Page.goto: net::ERR_TIMED_OUT at https://www.startpage.com/do/search?query=site%3Aun.org%20India%20self%20sufficient%20throughout%20history
Call log:
  - navigating to "https://www.startpage.com/do/search?query=site%3Aun.org%20India%20self%20sufficient%20throughout%20history", waiting until "domcontentloaded"

2025-11-26 10:06:35,061 - INFO - Trying StartPage URL: https://www.startpage.com/sp/search?query=site%3Aun.org%20India%20self%20sufficient%20throughout%20history
2025-11-26 10:06:35,303 - WARNING - StartPage URL failed: https://www.startpage.com/sp/search?query=site%3Aun.org%20India%20self%20sufficient%20throughout%20history - Page.goto: net::ERR_TIMED_OUT at https://www.startpage.com/sp/search?query=site%3Aun.org%20India%20self%20sufficient%20throughout%20history
Call log:
  - navigating to "https://www.startpage.com/sp/search?query=site%3Aun.org%20India%20self%20sufficient%20throughout%20history", waiting until "domcontentloaded"

2025-11-26 10:06:35,303 - INFO - Trying StartPage URL: https://startpage.com/do/search?query=site%3Aun.org%20India%20self%20sufficient%20throughout%20history
2025-11-26 10:06:43,308 - WARNING - StartPage URL failed: https://startpage.com/do/search?query=site%3Aun.org%20India%20self%20sufficient%20throughout%20history - Page.goto: net::ERR_TIMED_OUT at https://startpage.com/do/search?query=site%3Aun.org%20India%20self%20sufficient%20throughout%20history
Call log:
  - navigating to "https://startpage.com/do/search?query=site%3Aun.org%20India%20self%20sufficient%20throughout%20history", waiting until "domcontentloaded"

2025-11-26 10:06:43,308 - WARNING - All specific URLs failed for StartPage, trying generic approach
2025-11-26 10:06:51,314 - ERROR - Generic search on StartPage failed: Page.goto: net::ERR_TIMED_OUT at https://www.startpage.com/
Call log:
  - navigating to "https://www.startpage.com/", waiting until "domcontentloaded"

2025-11-26 10:06:51,314 - WARNING - No results from StartPage (proxy: 34.87.103.220:80)
2025-11-26 10:06:51,333 - WARNING - Marked proxy as failed: 34.87.103.220:80
2025-11-26 10:06:51,333 - ERROR - All search engines failed or are blocked
2025-11-26 10:06:51,333 - WARNING - Traditional search engines failed, trying alternative methods...
2025-11-26 10:06:57,724 - WARNING - No links found for query: site:un.org India self sufficient throughout history
2025-11-26 10:06:57,728 - INFO - Cleaned up user data directory: /tmp/chromium-user-data-83a07391
2025-11-26 10:06:57,785 - INFO - Processing query 7/7: 'India self sufficient throughout history'
2025-11-26 10:06:57,785 - INFO - Waiting 15.56 seconds before next query...
2025-11-26 10:07:14,014 - INFO - Searching Bing for: India self sufficient throughout history (Proxy: False, Retry: 0)
2025-11-26 10:07:17,372 - INFO - Trying Bing URL: https://www.bing.com/search?q=India%20self%20sufficient%20throughout%20history
2025-11-26 10:07:19,530 - WARNING - Bing URL blocked: https://www.bing.com/search?q=India%20self%20sufficient%20throughout%20history
2025-11-26 10:07:19,530 - INFO - Trying Bing URL: https://www.bing.com/?q=India%20self%20sufficient%20throughout%20history
2025-11-26 10:07:20,504 - WARNING - Bing URL blocked: https://www.bing.com/?q=India%20self%20sufficient%20throughout%20history
2025-11-26 10:07:20,504 - INFO - Trying Bing URL: https://cc.bingj.com/cache.aspx?d=503-6298-7580&w=8f5c3f3e4e0c6e6b4c2e5f6e5d6e5f6e&u=https%3A//www.bing.com/search%3Fq%3DIndia%20self%20sufficient%20throughout%20history
2025-11-26 10:07:20,612 - WARNING - Bing URL failed: https://cc.bingj.com/cache.aspx?d=503-6298-7580&w=8f5c3f3e4e0c6e6b4c2e5f6e5d6e5f6e&u=https%3A//www.bing.com/search%3Fq%3DIndia%20self%20sufficient%20throughout%20history - Page.goto: net::ERR_NAME_NOT_RESOLVED at https://cc.bingj.com/cache.aspx?d=503-6298-7580&w=8f5c3f3e4e0c6e6b4c2e5f6e5d6e5f6e&u=https%3A//www.bing.com/search%3Fq%3DIndia%20self%20sufficient%20throughout%20history
Call log:
  - navigating to "https://cc.bingj.com/cache.aspx?d=503-6298-7580&w=8f5c3f3e4e0c6e6b4c2e5f6e5d6e5f6e&u=https%3A//www.bing.com/search%3Fq%3DIndia%20self%20sufficient%20throughout%20history", waiting until "domcontentloaded"

2025-11-26 10:07:20,612 - WARNING - All specific URLs failed for Bing, trying generic approach
2025-11-26 10:07:20,859 - ERROR - Generic search on Bing failed: Page.goto: Navigation to "https://www.bing.com/" is interrupted by another navigation to "chrome-error://chromewebdata/"
Call log:
  - navigating to "https://www.bing.com/", waiting until "domcontentloaded"

2025-11-26 10:07:20,859 - WARNING - No results from Bing (direct)
2025-11-26 10:07:20,937 - INFO - Searching Bing for: India self sufficient throughout history (Proxy: True, Retry: 0)
2025-11-26 10:07:24,534 - INFO - Trying Bing URL: https://www.bing.com/search?q=India%20self%20sufficient%20throughout%20history
2025-11-26 10:07:32,541 - WARNING - Bing URL failed: https://www.bing.com/search?q=India%20self%20sufficient%20throughout%20history - Page.goto: net::ERR_TIMED_OUT at https://www.bing.com/search?q=India%20self%20sufficient%20throughout%20history
Call log:
  - navigating to "https://www.bing.com/search?q=India%20self%20sufficient%20throughout%20history", waiting until "domcontentloaded"

2025-11-26 10:07:32,542 - INFO - Trying Bing URL: https://www.bing.com/?q=India%20self%20sufficient%20throughout%20history
2025-11-26 10:07:32,790 - WARNING - Bing URL failed: https://www.bing.com/?q=India%20self%20sufficient%20throughout%20history - Page.goto: net::ERR_TIMED_OUT at https://www.bing.com/?q=India%20self%20sufficient%20throughout%20history
Call log:
  - navigating to "https://www.bing.com/?q=India%20self%20sufficient%20throughout%20history", waiting until "domcontentloaded"

2025-11-26 10:07:32,790 - INFO - Trying Bing URL: https://cc.bingj.com/cache.aspx?d=503-6298-7580&w=8f5c3f3e4e0c6e6b4c2e5f6e5d6e5f6e&u=https%3A//www.bing.com/search%3Fq%3DIndia%20self%20sufficient%20throughout%20history
2025-11-26 10:07:40,796 - WARNING - Bing URL failed: https://cc.bingj.com/cache.aspx?d=503-6298-7580&w=8f5c3f3e4e0c6e6b4c2e5f6e5d6e5f6e&u=https%3A//www.bing.com/search%3Fq%3DIndia%20self%20sufficient%20throughout%20history - Page.goto: net::ERR_TIMED_OUT at https://cc.bingj.com/cache.aspx?d=503-6298-7580&w=8f5c3f3e4e0c6e6b4c2e5f6e5d6e5f6e&u=https%3A//www.bing.com/search%3Fq%3DIndia%20self%20sufficient%20throughout%20history
Call log:
  - navigating to "https://cc.bingj.com/cache.aspx?d=503-6298-7580&w=8f5c3f3e4e0c6e6b4c2e5f6e5d6e5f6e&u=https%3A//www.bing.com/search%3Fq%3DIndia%20self%20sufficient%20throughout%20history", waiting until "domcontentloaded"

2025-11-26 10:07:40,796 - WARNING - All specific URLs failed for Bing, trying generic approach
2025-11-26 10:07:48,808 - ERROR - Generic search on Bing failed: Page.goto: net::ERR_TIMED_OUT at https://www.bing.com/
Call log:
  - navigating to "https://www.bing.com/", waiting until "domcontentloaded"

2025-11-26 10:07:48,808 - WARNING - No results from Bing (proxy: 190.238.231.65:1994)
2025-11-26 10:07:48,831 - WARNING - Marked proxy as failed: 190.238.231.65:1994
2025-11-26 10:07:48,871 - INFO - Searching StartPage for: India self sufficient throughout history (Proxy: False, Retry: 0)
2025-11-26 10:07:51,161 - INFO - Trying StartPage URL: https://www.startpage.com/do/search?query=India%20self%20sufficient%20throughout%20history
2025-11-26 10:08:08,741 - INFO - Scrolled 1 times to load content
2025-11-26 10:08:08,804 - INFO - Successfully found 9 links using StartPage (direct)
2025-11-26 10:08:08,804 - WARNING - Only found 9 links after trying all engines
2025-11-26 10:08:08,840 - INFO - Scraping content from: https://en.wikipedia.org/wiki/Green_Revolution_in_India
2025-11-26 10:08:28,056 - INFO - Scrolled 1 times to load content
2025-11-26 10:08:28,095 - INFO - Got quality content from https://en.wikipedia.org/wiki/Green_Revolution_in_India (1/6)
2025-11-26 10:08:32,502 - INFO - Scraping content from: https://timesofindia.indiatimes.com/blogs/toi-edit-page/self-sufficiency-held-india-back-some-useful-economic-history-lessons-on-how-we-manage-to-handicap-ourselves/
2025-11-26 10:08:46,932 - INFO - Scrolled 1 times to load content
2025-11-26 10:08:46,987 - INFO - Got quality content from https://timesofindia.indiatimes.com/blogs/toi-edit-page/self-sufficiency-held-india-back-some-useful-economic-history-lessons-on-how-we-manage-to-handicap-ourselves/ (2/6)
2025-11-26 10:08:52,052 - INFO - Scraping content from: https://www.localfutures.org/what-does-self-reliance-really-mean-amazing-stories-from-indias-villages/
2025-11-26 10:09:07,772 - INFO - Scrolled 2 times to load content
2025-11-26 10:09:07,804 - INFO - Got quality content from https://www.localfutures.org/what-does-self-reliance-really-mean-amazing-stories-from-indias-villages/ (3/6)
2025-11-26 10:09:11,576 - INFO - Scraping content from: https://www.downtoearth.org.in/food/india-claims-to-be-self-sufficient-in-food-production-but-facts-say-otherwise-62091
2025-11-26 10:09:36,678 - INFO - Scrolled 5 times to load content
2025-11-26 10:09:36,792 - INFO - Got quality content from https://www.downtoearth.org.in/food/india-claims-to-be-self-sufficient-in-food-production-but-facts-say-otherwise-62091 (4/6)
2025-11-26 10:09:44,761 - INFO - Scraping content from: https://www.bbc.com/news/articles/cn7eln1pm4ro
2025-11-26 10:10:02,193 - INFO - Scrolled 2 times to load content
2025-11-26 10:10:02,247 - INFO - Got quality content from https://www.bbc.com/news/articles/cn7eln1pm4ro (5/6)
2025-11-26 10:10:06,040 - INFO - Scraping content from: https://vivasayeeslife.com/2024/01/03/do-we-need-to-thank-the-green-revolution-for-india-being-food-self-sufficient/
2025-11-26 10:10:22,003 - INFO - Scrolled 1 times to load content
2025-11-26 10:10:22,040 - INFO - Got quality content from https://vivasayeeslife.com/2024/01/03/do-we-need-to-thank-the-green-revolution-for-india-being-food-self-sufficient/ (6/6)
2025-11-26 10:10:25,802 - INFO - Successfully scraped 6 quality pages, stopping for this query
2025-11-26 10:10:25,815 - INFO - Cleaned up user data directory: /tmp/chromium-user-data-00e2b4f0
