2025-11-28 20:39:53,544 - INFO - Starting fact-checking script
2025-11-28 20:39:53,544 - INFO - Successfully loaded data from /home/abhi/Pictures/custom_results/verified_claims.json
2025-11-28 20:39:53,544 - INFO - Processing 5 claims
2025-11-28 20:39:53,544 - INFO - Processing claim 1/5
2025-11-28 20:39:53,544 - INFO - Fetching articles for: Charlie Kirk assassinated last month
2025-11-28 20:39:53,545 - INFO - Making API request to: https://gnews.io/api/v4/search?q=Charlie Kirk assassinated last month&token=27e168eef0cf8765a7b0c552eacd30e3&lang=en&max=10
2025-11-28 20:39:54,457 - INFO - Response status code: 200
2025-11-28 20:39:54,458 - WARNING - No articles found for query: Charlie Kirk assassinated last month
2025-11-28 20:39:54,459 - WARNING - No articles found for query: Charlie Kirk assassinated last month
2025-11-28 20:39:55,460 - INFO - Processing claim 2/5
2025-11-28 20:39:55,460 - INFO - Fetching articles for: Destiny streamer admitted CSAM legal purposes
2025-11-28 20:39:55,460 - INFO - Making API request to: https://gnews.io/api/v4/search?q=Destiny streamer admitted CSAM legal purposes&token=27e168eef0cf8765a7b0c552eacd30e3&lang=en&max=10
2025-11-28 20:39:56,524 - INFO - Response status code: 200
2025-11-28 20:39:56,524 - WARNING - No articles found for query: Destiny streamer admitted CSAM legal purposes
2025-11-28 20:39:56,525 - WARNING - No articles found for query: Destiny streamer admitted CSAM legal purposes
2025-11-28 20:39:57,526 - INFO - Processing claim 3/5
2025-11-28 20:39:57,526 - INFO - Fetching articles for: Jammu missile attack Satwari Trikuta Nagar news
2025-11-28 20:39:57,526 - INFO - Making API request to: https://gnews.io/api/v4/search?q=Jammu missile attack Satwari Trikuta Nagar news&token=27e168eef0cf8765a7b0c552eacd30e3&lang=en&max=10
2025-11-28 20:39:58,459 - INFO - Response status code: 200
2025-11-28 20:39:58,459 - WARNING - No articles found for query: Jammu missile attack Satwari Trikuta Nagar news
2025-11-28 20:39:58,461 - WARNING - No articles found for query: Jammu missile attack Satwari Trikuta Nagar news
2025-11-28 20:39:59,461 - INFO - Processing claim 4/5
2025-11-28 20:39:59,461 - INFO - Fetching articles for: Pakistan attack Jammu India retaliation news today
2025-11-28 20:39:59,462 - INFO - Making API request to: https://gnews.io/api/v4/search?q=Pakistan attack Jammu India retaliation news today&token=27e168eef0cf8765a7b0c552eacd30e3&lang=en&max=10
2025-11-28 20:40:00,506 - INFO - Response status code: 200
2025-11-28 20:40:00,506 - WARNING - No articles found for query: Pakistan attack Jammu India retaliation news today
2025-11-28 20:40:00,507 - WARNING - No articles found for query: Pakistan attack Jammu India retaliation news today
2025-11-28 20:40:01,508 - INFO - Processing claim 5/5
2025-11-28 20:40:01,509 - INFO - Fetching articles for: who is known as the father of AI, semiconductor company clients AI pioneers
2025-11-28 20:40:01,509 - INFO - Making API request to: https://gnews.io/api/v4/search?q=who is known as the father of AI semiconductor company clients AI pioneers&token=27e168eef0cf8765a7b0c552eacd30e3&lang=en&max=10
2025-11-28 20:40:03,380 - INFO - Response status code: 200
2025-11-28 20:40:03,381 - WARNING - No articles found for query: who is known as the father of AI semiconductor company clients AI pioneers
2025-11-28 20:40:03,382 - WARNING - No articles found for query: who is known as the father of AI, semiconductor company clients AI pioneers
2025-11-28 20:40:04,383 - INFO - Processed 5/5 claims, 0 successful
2025-11-28 20:40:04,384 - INFO - Results saved to fact_check_results.json
2025-11-28 20:40:04,385 - INFO - Fact-checking script completed
2025-11-28 20:42:10,094 - INFO - Starting fact-checking script
2025-11-28 20:42:10,095 - INFO - Successfully loaded data from /home/abhi/Pictures/custom_results/verified_claims.json
2025-11-28 20:42:10,095 - INFO - Processing 5 claims
2025-11-28 20:42:10,095 - INFO - Processing claim 1/5
2025-11-28 20:42:10,095 - INFO - Fetching articles for: Charlie Kirk assassinated last month
2025-11-28 20:42:10,095 - INFO - Making API request to: https://gnews.io/api/v4/search?q=Charlie Kirk assassinated last month&token=27e168eef0cf8765a7b0c552eacd30e3&lang=en&max=10
2025-11-28 20:42:11,978 - INFO - Response status code: 200
2025-11-28 20:42:11,979 - WARNING - No articles found for query: Charlie Kirk assassinated last month
2025-11-28 20:42:11,979 - INFO - Trying alternative query: Charlie Kirk assassinated
2025-11-28 20:42:13,262 - INFO - Found 10 articles for alternative query: Charlie Kirk assassinated
2025-11-28 20:42:13,266 - INFO - Fetching full content for: ‘Do I have to stay until I’m assassinated like Charlie Kirk?’: Marjorie Taylor Greene lashes out at MAGA for pushing her to serve full term
2025-11-28 20:42:13,267 - INFO - Fetching article content from: https://timesofindia.indiatimes.com/world/us/do-i-have-to-stay-until-im-assassinated-like-charlie-kirk-marjorie-taylor-greene-lashes-out-at-maga-for-pushing-her-to-serve-full-term/articleshow/125592837.cms
2025-11-28 20:42:14,835 - WARNING - Could not extract meaningful content from https://timesofindia.indiatimes.com/world/us/do-i-have-to-stay-until-im-assassinated-like-charlie-kirk-marjorie-taylor-greene-lashes-out-at-maga-for-pushing-her-to-serve-full-term/articleshow/125592837.cms
2025-11-28 20:42:14,837 - WARNING - Failed to fetch content for article: ‘Do I have to stay until I’m assassinated like Charlie Kirk?’: Marjorie Taylor Greene lashes out at MAGA for pushing her to serve full term
2025-11-28 20:42:14,837 - INFO - Fetching full content for: Utah Gov. Spencer Cox on civility and the state of the country : NPR
2025-11-28 20:42:14,837 - INFO - Fetching article content from: https://www.npr.org/2025/11/25/nx-s1-5615342/spencer-cox-utah-trump-charlie-kirk-civility
2025-11-28 20:42:27,276 - INFO - Fetching full content for: Erika Kirk says she was ‘praying to God’ she was pregnant when her husband was assassinated
2025-11-28 20:42:27,276 - INFO - Fetching article content from: https://www.independent.ie/world-news/north-america/erika-kirk-says-she-was-praying-to-god-she-was-pregnant-when-her-husband-was-assassinated/a1610224511.html
2025-11-28 20:42:30,034 - INFO - Fetching full content for: Erika Kirk Was 'Praying' She Was Pregnant with Charlie Kirk's Baby After He Was Killed
2025-11-28 20:42:30,034 - INFO - Fetching article content from: https://people.com/erika-kirk-praying-she-was-pregnant-charlie-kirk-baby-after-he-was-killed-11809048
2025-11-28 20:42:31,753 - INFO - Fetching full content for: 'I was praying to God that...’: Erika Kirk makes big revelation about the day her husband Charlie died
2025-11-28 20:42:31,754 - INFO - Fetching article content from: https://timesofindia.indiatimes.com/world/us/i-was-praying-to-god-that-erika-kirk-makes-big-revelation-about-the-day-her-husband-charlie-died/articleshow/125542767.cms
2025-11-28 20:42:33,538 - WARNING - Could not extract meaningful content from https://timesofindia.indiatimes.com/world/us/i-was-praying-to-god-that-erika-kirk-makes-big-revelation-about-the-day-her-husband-charlie-died/articleshow/125542767.cms
2025-11-28 20:42:33,540 - WARNING - Failed to fetch content for article: 'I was praying to God that...’: Erika Kirk makes big revelation about the day her husband Charlie died
2025-11-28 20:42:33,540 - INFO - Fetching full content for: Erika Kirk reveals she prayed she was pregnant when her husband, Charlie, was assassinated
2025-11-28 20:42:33,540 - INFO - Fetching article content from: https://nypost.com/2025/11/24/us-news/erika-kirk-reveals-she-prayed-she-was-pregnant-when-her-husband-charlie-was-assassinated/
2025-11-28 20:42:35,854 - INFO - Fetching full content for: Charlie Kirk's Former Head of Security Speaks Out on the Rumored 'Hand Signals' His Team Allegedly Used Moments Before Conservative Activist was Assassinated (VIDEO)
2025-11-28 20:42:35,854 - INFO - Fetching article content from: https://www.thegatewaypundit.com/2025/11/charlie-kirks-former-head-security-speaks-rumored-hand/
2025-11-28 20:42:38,074 - INFO - Fetching full content for: Is Erika Kirk taking legal action against Candace Owens and her husband over Egyptian plane conspiracy theories? Here's what we know
2025-11-28 20:42:38,074 - INFO - Fetching article content from: https://www.indiatimes.com/trending/is-erika-kirk-taking-legal-action-against-candace-owens-and-her-husband-over-egyptian-plane-conspiracy-theories-heres-what-we-know/articleshow/125400791.html
2025-11-28 20:42:42,441 - INFO - Fetching full content for: Comedian Andrew Schulz: People Happy Charlie Kirk was Assassinated for His Opinions Want Due Process for People Smuggling Fentanyl into Our Country
2025-11-28 20:42:42,441 - INFO - Fetching article content from: https://www.breitbart.com/politics/2025/11/16/comedian-andrew-schulz-people-happy-charlie-kirk-was-assassinated-for-his-opinions-want-due-process-for-people-smuggling-fentanyl-into-our-country/
2025-11-28 20:42:44,473 - INFO - Fetching full content for: Comedian Andrew Schulz: People Happy Charlie Kirk was Assassinated for His Opinions Want Due Process for People Smuggling Fentanyl into Our Country
2025-11-28 20:42:44,473 - INFO - Fetching article content from: https://www.breitbart.com/entertainment/2025/11/16/comedian-andrew-schulz-people-happy-charlie-kirk-was-assassinated-for-his-opinions-want-due-process-for-people-smuggling-fentanyl-into-our-country/
2025-11-28 20:42:46,824 - INFO - Total tokens collected: 6999
2025-11-28 20:42:47,824 - INFO - Processing claim 2/5
2025-11-28 20:42:47,825 - INFO - Fetching articles for: Destiny streamer admitted CSAM legal purposes
2025-11-28 20:42:47,825 - INFO - Making API request to: https://gnews.io/api/v4/search?q=Destiny streamer admitted CSAM legal purposes&token=27e168eef0cf8765a7b0c552eacd30e3&lang=en&max=10
2025-11-28 20:42:48,978 - INFO - Response status code: 200
2025-11-28 20:42:48,978 - WARNING - No articles found for query: Destiny streamer admitted CSAM legal purposes
2025-11-28 20:42:48,978 - INFO - Trying alternative query: Destiny streamer admitted
2025-11-28 20:42:52,433 - INFO - Trying alternative query: CSAM legal purposes
2025-11-28 20:42:53,463 - INFO - Trying alternative query: Destiny purposes
2025-11-28 20:42:54,487 - WARNING - No articles found for query: Destiny streamer admitted CSAM legal purposes
2025-11-28 20:42:55,487 - INFO - Processing claim 3/5
2025-11-28 20:42:55,487 - INFO - Fetching articles for: Jammu missile attack Satwari Trikuta Nagar news
2025-11-28 20:42:55,488 - INFO - Making API request to: https://gnews.io/api/v4/search?q=Jammu missile attack Satwari Trikuta Nagar news&token=27e168eef0cf8765a7b0c552eacd30e3&lang=en&max=10
2025-11-28 20:42:56,682 - INFO - Response status code: 200
2025-11-28 20:42:56,683 - WARNING - No articles found for query: Jammu missile attack Satwari Trikuta Nagar news
2025-11-28 20:42:56,683 - INFO - Trying alternative query: Jammu missile attack
2025-11-28 20:42:57,752 - INFO - Trying alternative query: Trikuta Nagar news
2025-11-28 20:42:58,884 - INFO - Trying alternative query: Jammu news
2025-11-28 20:43:00,169 - INFO - Found 10 articles for alternative query: Jammu news
2025-11-28 20:43:00,172 - INFO - Fetching full content for: NC MP Mehdi slams own govt as party holds key meet
2025-11-28 20:43:00,173 - INFO - Fetching article content from: https://timesofindia.indiatimes.com/india/nc-mp-mehdi-slams-own-govt-as-party-holds-key-meet/articleshow/125622534.cms
2025-11-28 20:43:01,342 - WARNING - Could not extract meaningful content from https://timesofindia.indiatimes.com/india/nc-mp-mehdi-slams-own-govt-as-party-holds-key-meet/articleshow/125622534.cms
2025-11-28 20:43:01,344 - WARNING - Failed to fetch content for article: NC MP Mehdi slams own govt as party holds key meet
2025-11-28 20:43:01,344 - INFO - Fetching full content for: J&K Police raid JeI-linked locations across Kashmir Valley
2025-11-28 20:43:01,344 - INFO - Fetching article content from: https://timesofindia.indiatimes.com/india/jk-police-raid-jei-linked-locations-across-kashmir-valley/articleshow/125622468.cms
2025-11-28 20:43:03,051 - WARNING - Could not extract meaningful content from https://timesofindia.indiatimes.com/india/jk-police-raid-jei-linked-locations-across-kashmir-valley/articleshow/125622468.cms
2025-11-28 20:43:03,053 - WARNING - Failed to fetch content for article: J&K Police raid JeI-linked locations across Kashmir Valley
2025-11-28 20:43:03,053 - INFO - Fetching full content for: 19 year-old terror suspect held in Jammu
2025-11-28 20:43:03,053 - INFO - Fetching article content from: https://timesofindia.indiatimes.com/india/19year-old-terror-suspect-held-in-jammu/articleshow/125622223.cms
2025-11-28 20:43:04,386 - WARNING - Could not extract meaningful content from https://timesofindia.indiatimes.com/india/19year-old-terror-suspect-held-in-jammu/articleshow/125622223.cms
2025-11-28 20:43:04,388 - WARNING - Failed to fetch content for article: 19 year-old terror suspect held in Jammu
2025-11-28 20:43:04,388 - INFO - Fetching full content for: Evening news wrap: BJP accuses Congress's overseas accounts of stirring anarchy; Jammu teen held for terror plot & more
2025-11-28 20:43:04,388 - INFO - Fetching article content from: https://timesofindia.indiatimes.com/india/evening-news-wrap-bjp-accuses-congresss-overseas-accounts-of-stirring-anarchy-jammu-teen-held-for-terror-plot-more/articleshow/125614157.cms
2025-11-28 20:43:05,733 - WARNING - Could not extract meaningful content from https://timesofindia.indiatimes.com/india/evening-news-wrap-bjp-accuses-congresss-overseas-accounts-of-stirring-anarchy-jammu-teen-held-for-terror-plot-more/articleshow/125614157.cms
2025-11-28 20:43:05,734 - WARNING - Failed to fetch content for article: Evening news wrap: BJP accuses Congress's overseas accounts of stirring anarchy; Jammu teen held for terror plot & more
2025-11-28 20:43:05,735 - INFO - Fetching full content for: Radicalised Youth, Planning Terror Attack in Jammu And Kashmir, Arrested Days After Delhi Blast - What We Know
2025-11-28 20:43:05,735 - INFO - Fetching article content from: https://www.timesnownews.com/india/radicalised-youth-planning-terror-attack-in-jammu-and-kashmir-arrested-days-after-delhi-blast-what-we-know-article-153213242
2025-11-28 20:43:07,192 - INFO - Fetching full content for: Old Reasi Youth Over Online Radicalisation, Suspected Links to Pakistan Handlers
2025-11-28 20:43:07,192 - INFO - Fetching article content from: https://www.lokmattimes.com/national/jammu-police-nab-19-year-old-reasi-youth-over-online-radicalisation-suspected-links-to-pakistan-handlers-a525/
2025-11-28 20:43:08,973 - INFO - Fetching full content for: J&K police arrest teenager suspected of links with online radicalisation
2025-11-28 20:43:08,973 - INFO - Fetching article content from: https://www.lokmattimes.com/national/jk-police-arrest-teenager-suspected-of-links-with-online-radicalisation/
2025-11-28 20:43:10,363 - INFO - Fetching full content for: J&K Police conducts raids in Valley against people linked with banned JeI, those suspected of terror links
2025-11-28 20:43:10,363 - INFO - Fetching article content from: https://www.lokmattimes.com/national/jk-police-conducts-raids-in-valley-against-people-linked-with-banned-jei-those-suspected-of-terror-links/
2025-11-28 20:43:12,145 - INFO - Fetching full content for: Cold wave intensifies in J&K; Srinagar records coldest night at minus 4.4 degrees Celsius
2025-11-28 20:43:12,146 - INFO - Fetching article content from: https://www.lokmattimes.com/national/cold-wave-intensifies-in-jk-srinagar-records-coldest-night-at-minus-44-degrees-celsius/
2025-11-28 20:43:13,251 - INFO - Fetching full content for: From Poonch madrassa, Omar Abdullah says it’s unpatriotic to spread ‘propaganda against religious education institutions’
2025-11-28 20:43:13,251 - INFO - Fetching article content from: https://timesofindia.indiatimes.com/india/from-poonch-madrassa-omar-abdullah-says-its-unpatriotic-to-spread-propaganda-against-religious-education-institutions/articleshow/125596812.cms
2025-11-28 20:43:15,115 - WARNING - Could not extract meaningful content from https://timesofindia.indiatimes.com/india/from-poonch-madrassa-omar-abdullah-says-its-unpatriotic-to-spread-propaganda-against-religious-education-institutions/articleshow/125596812.cms
2025-11-28 20:43:15,117 - WARNING - Failed to fetch content for article: From Poonch madrassa, Omar Abdullah says it’s unpatriotic to spread ‘propaganda against religious education institutions’
2025-11-28 20:43:15,118 - INFO - Total tokens collected: 2521
2025-11-28 20:43:16,118 - INFO - Processing claim 4/5
2025-11-28 20:43:16,119 - INFO - Fetching articles for: Pakistan attack Jammu India retaliation news today
2025-11-28 20:43:16,119 - INFO - Making API request to: https://gnews.io/api/v4/search?q=Pakistan attack Jammu India retaliation news today&token=27e168eef0cf8765a7b0c552eacd30e3&lang=en&max=10
2025-11-28 20:43:17,616 - INFO - Response status code: 200
2025-11-28 20:43:17,616 - WARNING - No articles found for query: Pakistan attack Jammu India retaliation news today
2025-11-28 20:43:17,616 - INFO - Trying alternative query: Pakistan attack Jammu
2025-11-28 20:43:20,187 - INFO - Found 10 articles for alternative query: Pakistan attack Jammu
2025-11-28 20:43:20,191 - INFO - Fetching full content for: old Jammu teen; cops suspect Pakistan link
2025-11-28 20:43:20,191 - INFO - Fetching article content from: https://timesofindia.indiatimes.com/india/planning-terror-attack-police-nab-19-year-old-jammu-teen-cops-suspect-pakistan-link/articleshow/125609149.cms
2025-11-28 20:43:21,315 - WARNING - Could not extract meaningful content from https://timesofindia.indiatimes.com/india/planning-terror-attack-police-nab-19-year-old-jammu-teen-cops-suspect-pakistan-link/articleshow/125609149.cms
2025-11-28 20:43:21,317 - WARNING - Failed to fetch content for article: old Jammu teen; cops suspect Pakistan link
2025-11-28 20:43:21,317 - INFO - Fetching full content for: How 19 CISF bravehearts thwarted Pakistan's attack on Uri hydro plant
2025-11-28 20:43:21,317 - INFO - Fetching article content from: https://www.firstpost.com/explainers/cisf-thwarted-pakistan-attack-uri-hydro-plant-operation-sindoor-13954228.html
2025-11-28 20:43:24,134 - INFO - Fetching full content for: Op Sindoor: How 19 Bravehearts Saved 250 Civilians During Pak's Uri Strike
2025-11-28 20:43:24,135 - INFO - Fetching article content from: https://www.ndtv.com/india-news/operation-sindoor-cisf-op-sindoor-how-19-bravehearts-saved-250-civilians-during-paks-uri-strike-9702089
2025-11-28 20:43:24,892 - ERROR - Error fetching article content from https://www.ndtv.com/india-news/operation-sindoor-cisf-op-sindoor-how-19-bravehearts-saved-250-civilians-during-paks-uri-strike-9702089: 403 Client Error: Forbidden for url: https://www.ndtv.com/india-news/operation-sindoor-cisf-op-sindoor-how-19-bravehearts-saved-250-civilians-during-paks-uri-strike-9702089
2025-11-28 20:43:24,893 - WARNING - Failed to fetch content for article: Op Sindoor: How 19 Bravehearts Saved 250 Civilians During Pak's Uri Strike
2025-11-28 20:43:24,894 - INFO - Fetching full content for: Governor Urges Tourists to Return to Kashmir Despite Terror Incidents
2025-11-28 20:43:24,894 - INFO - Fetching article content from: https://www.devdiscourse.com/article/politics/3709615-governor-urges-tourists-to-return-to-kashmir-despite-terror-incidents
2025-11-28 20:43:36,147 - ERROR - Error fetching article content from https://www.devdiscourse.com/article/politics/3709615-governor-urges-tourists-to-return-to-kashmir-despite-terror-incidents: HTTPSConnectionPool(host='www.devdiscourse.com', port=443): Read timed out. (read timeout=10)
2025-11-28 20:43:36,148 - WARNING - Failed to fetch content for article: Governor Urges Tourists to Return to Kashmir Despite Terror Incidents
2025-11-28 20:43:36,148 - INFO - Fetching full content for: LG Urges Armed Forces To Stay Vigilant Amid Attempts To Disrupt Peace In J&K
2025-11-28 20:43:36,148 - INFO - Fetching article content from: https://www.dailyexcelsior.com/lg-urges-armed-forces-to-stay-vigilant-amid-attempts-to-disrupt-peace-in-jk/
2025-11-28 20:43:41,373 - INFO - Fetching full content for: 'Operation Sindoor Brought Nothing But Loss Of Lives For India’: Former J&K CM Farooq Abdullah's Shocker - VIDEO
2025-11-28 20:43:41,373 - INFO - Fetching article content from: https://www.freepressjournal.in/india/operation-sindoor-brought-nothing-but-loss-of-lives-for-india-former-jk-cm-farooq-abdullahs-shocker-video
2025-11-28 20:43:47,491 - INFO - Fetching full content for: RBD, Shiv Sena, Mission Statehood hold protests, torch effigies of Pakistan against Delhi terror attack
2025-11-28 20:43:47,491 - INFO - Fetching article content from: https://www.dailyexcelsior.com/rbd-shiv-sena-mission-statehood-hold-protests-torch-effigies-of-pakistan-against-delhi-terror-attack/
2025-11-28 20:43:58,399 - INFO - Fetching full content for: NIA probes role of Shopian clerics in Red Fort blast
2025-11-28 20:43:58,399 - INFO - Fetching article content from: https://economictimes.indiatimes.com/news/india/nia-probes-role-of-shopian-clerics-in-red-fort-blast/articleshow/125282686.cms
2025-11-28 20:44:07,222 - INFO - Fetching full content for: Inside Pakistan's Secret Unit 'S1' That Trains Terrorists To Attack India
2025-11-28 20:44:07,222 - INFO - Fetching article content from: https://www.ndtv.com/world-news/exclusive-inside-pakistans-secret-unit-s1-that-trains-terrorists-to-attack-india-9603703
2025-11-28 20:44:10,151 - ERROR - Error fetching article content from https://www.ndtv.com/world-news/exclusive-inside-pakistans-secret-unit-s1-that-trains-terrorists-to-attack-india-9603703: 403 Client Error: Forbidden for url: https://www.ndtv.com/world-news/exclusive-inside-pakistans-secret-unit-s1-that-trains-terrorists-to-attack-india-9603703
2025-11-28 20:44:10,152 - WARNING - Failed to fetch content for article: Inside Pakistan's Secret Unit 'S1' That Trains Terrorists To Attack India
2025-11-28 20:44:10,153 - INFO - Fetching full content for: "Within 24 hours...": Trump again claims he stopped India
2025-11-28 20:44:10,153 - INFO - Fetching article content from: https://www.tribuneindia.com/news/world/within-24-hours-trump-again-claims-he-stopped-india-pak-conflict-through-tariffs/
2025-11-28 20:44:18,034 - WARNING - Could not extract meaningful content from https://www.tribuneindia.com/news/world/within-24-hours-trump-again-claims-he-stopped-india-pak-conflict-through-tariffs/
2025-11-28 20:44:18,036 - WARNING - Failed to fetch content for article: "Within 24 hours...": Trump again claims he stopped India
2025-11-28 20:44:18,036 - INFO - Total tokens collected: 3125
2025-11-28 20:44:19,036 - INFO - Processing claim 5/5
2025-11-28 20:44:19,036 - INFO - Fetching articles for: who is known as the father of AI, semiconductor company clients AI pioneers
2025-11-28 20:44:19,037 - INFO - Making API request to: https://gnews.io/api/v4/search?q=who is known as the father of AI semiconductor company clients AI pioneers&token=27e168eef0cf8765a7b0c552eacd30e3&lang=en&max=10
2025-11-28 20:53:25,958 - INFO - Starting fact-checking script
2025-11-28 20:53:25,959 - INFO - Successfully loaded data from /home/abhi/Pictures/custom_results/verified_claims.json
2025-11-28 20:53:25,959 - INFO - Processing 5 claims with maximum 5 API calls
2025-11-28 20:53:25,959 - INFO - Processing claim 1/5
2025-11-28 20:53:25,959 - INFO - Fetching articles for: Charlie Kirk assassinated last month
2025-11-28 20:53:25,960 - INFO - Making API request to: https://gnews.io/api/v4/search?q=Charlie Kirk assassinated last month&token=27e168eef0cf8765a7b0c552eacd30e3&lang=en&max=10
2025-11-28 20:53:27,053 - INFO - API call #1/5
2025-11-28 20:53:27,053 - INFO - Response status code: 200
2025-11-28 20:53:27,053 - WARNING - No articles found for query: Charlie Kirk assassinated last month
2025-11-28 20:53:27,053 - INFO - Trying alternative query: Charlie Kirk assassinated
2025-11-28 20:53:28,338 - INFO - API call #2/5
2025-11-28 20:53:28,339 - INFO - Found 10 articles for alternative query: Charlie Kirk assassinated
2025-11-28 20:53:28,343 - INFO - Fetching full content for: ‘Do I have to stay until I’m assassinated like Charlie Kirk?’: Marjorie Taylor Greene lashes out at MAGA for pushing her to serve full term
2025-11-28 20:53:28,345 - INFO - Fetching article content from: https://timesofindia.indiatimes.com/world/us/do-i-have-to-stay-until-im-assassinated-like-charlie-kirk-marjorie-taylor-greene-lashes-out-at-maga-for-pushing-her-to-serve-full-term/articleshow/125592837.cms
2025-11-28 20:53:28,952 - WARNING - Could not extract meaningful content from https://timesofindia.indiatimes.com/world/us/do-i-have-to-stay-until-im-assassinated-like-charlie-kirk-marjorie-taylor-greene-lashes-out-at-maga-for-pushing-her-to-serve-full-term/articleshow/125592837.cms
2025-11-28 20:53:28,954 - WARNING - Failed to fetch content for article: ‘Do I have to stay until I’m assassinated like Charlie Kirk?’: Marjorie Taylor Greene lashes out at MAGA for pushing her to serve full term
2025-11-28 20:53:28,955 - INFO - Fetching full content for: Utah Gov. Spencer Cox on civility and the state of the country : NPR
2025-11-28 20:53:28,955 - INFO - Fetching article content from: https://www.npr.org/2025/11/25/nx-s1-5615342/spencer-cox-utah-trump-charlie-kirk-civility
2025-11-28 20:53:30,935 - INFO - Fetching full content for: Erika Kirk says she was ‘praying to God’ she was pregnant when her husband was assassinated
2025-11-28 20:53:30,935 - INFO - Fetching article content from: https://www.independent.ie/world-news/north-america/erika-kirk-says-she-was-praying-to-god-she-was-pregnant-when-her-husband-was-assassinated/a1610224511.html
2025-11-28 20:53:32,500 - INFO - Fetching full content for: Erika Kirk Was 'Praying' She Was Pregnant with Charlie Kirk's Baby After He Was Killed
2025-11-28 20:53:32,500 - INFO - Fetching article content from: https://people.com/erika-kirk-praying-she-was-pregnant-charlie-kirk-baby-after-he-was-killed-11809048
2025-11-28 20:53:33,685 - INFO - Fetching full content for: 'I was praying to God that...’: Erika Kirk makes big revelation about the day her husband Charlie died
2025-11-28 20:53:33,685 - INFO - Fetching article content from: https://timesofindia.indiatimes.com/world/us/i-was-praying-to-god-that-erika-kirk-makes-big-revelation-about-the-day-her-husband-charlie-died/articleshow/125542767.cms
2025-11-28 20:53:34,332 - WARNING - Could not extract meaningful content from https://timesofindia.indiatimes.com/world/us/i-was-praying-to-god-that-erika-kirk-makes-big-revelation-about-the-day-her-husband-charlie-died/articleshow/125542767.cms
2025-11-28 20:53:34,335 - WARNING - Failed to fetch content for article: 'I was praying to God that...’: Erika Kirk makes big revelation about the day her husband Charlie died
2025-11-28 20:53:34,335 - INFO - Fetching full content for: Erika Kirk reveals she prayed she was pregnant when her husband, Charlie, was assassinated
2025-11-28 20:53:34,335 - INFO - Fetching article content from: https://nypost.com/2025/11/24/us-news/erika-kirk-reveals-she-prayed-she-was-pregnant-when-her-husband-charlie-was-assassinated/
2025-11-28 20:53:35,225 - INFO - Fetching full content for: Charlie Kirk's Former Head of Security Speaks Out on the Rumored 'Hand Signals' His Team Allegedly Used Moments Before Conservative Activist was Assassinated (VIDEO)
2025-11-28 20:53:35,225 - INFO - Fetching article content from: https://www.thegatewaypundit.com/2025/11/charlie-kirks-former-head-security-speaks-rumored-hand/
2025-11-28 20:53:36,842 - INFO - Fetching full content for: Is Erika Kirk taking legal action against Candace Owens and her husband over Egyptian plane conspiracy theories? Here's what we know
2025-11-28 20:53:36,843 - INFO - Fetching article content from: https://www.indiatimes.com/trending/is-erika-kirk-taking-legal-action-against-candace-owens-and-her-husband-over-egyptian-plane-conspiracy-theories-heres-what-we-know/articleshow/125400791.html
2025-11-28 20:53:38,399 - INFO - Fetching full content for: Comedian Andrew Schulz: People Happy Charlie Kirk was Assassinated for His Opinions Want Due Process for People Smuggling Fentanyl into Our Country
2025-11-28 20:53:38,400 - INFO - Fetching article content from: https://www.breitbart.com/politics/2025/11/16/comedian-andrew-schulz-people-happy-charlie-kirk-was-assassinated-for-his-opinions-want-due-process-for-people-smuggling-fentanyl-into-our-country/
2025-11-28 20:53:40,253 - INFO - Fetching full content for: Comedian Andrew Schulz: People Happy Charlie Kirk was Assassinated for His Opinions Want Due Process for People Smuggling Fentanyl into Our Country
2025-11-28 20:53:40,253 - INFO - Fetching article content from: https://www.breitbart.com/entertainment/2025/11/16/comedian-andrew-schulz-people-happy-charlie-kirk-was-assassinated-for-his-opinions-want-due-process-for-people-smuggling-fentanyl-into-our-country/
2025-11-28 20:53:40,742 - INFO - Total tokens collected: 7009
2025-11-28 20:53:41,742 - INFO - Processing claim 2/5
2025-11-28 20:53:41,742 - INFO - Fetching articles for: Destiny streamer admitted CSAM legal purposes
2025-11-28 20:53:41,743 - INFO - Making API request to: https://gnews.io/api/v4/search?q=Destiny streamer admitted CSAM legal purposes&token=27e168eef0cf8765a7b0c552eacd30e3&lang=en&max=10
2025-11-28 20:53:42,891 - INFO - API call #3/5
2025-11-28 20:53:42,891 - INFO - Response status code: 200
2025-11-28 20:53:42,891 - WARNING - No articles found for query: Destiny streamer admitted CSAM legal purposes
2025-11-28 20:53:42,892 - INFO - Trying alternative query: Destiny streamer admitted
2025-11-28 20:53:44,074 - INFO - API call #4/5
2025-11-28 20:53:44,074 - INFO - Trying alternative query: CSAM legal purposes
2025-11-28 20:53:45,149 - INFO - API call #5/5
2025-11-28 20:53:45,153 - WARNING - No articles found for query: Destiny streamer admitted CSAM legal purposes
2025-11-28 20:53:46,154 - WARNING - Maximum number of API calls (5) reached. Stopping further processing.
2025-11-28 20:53:46,155 - INFO - Processed 2/5 claims, 1 successful
2025-11-28 20:53:46,157 - INFO - Results saved to fact_check_results.json
2025-11-28 20:53:46,158 - INFO - Fact-checking script completed. Used 5/5 API calls.
2025-11-28 21:12:01,005 - INFO - Starting fact-checking script
2025-11-28 21:12:01,005 - INFO - Successfully loaded data from /home/abhi/Pictures/custom_results/verified_claims.json
2025-11-28 21:12:01,005 - INFO - Processing 5 claims with maximum 5 API calls
2025-11-28 21:12:01,005 - INFO - Processing claim 1/5
2025-11-28 21:12:01,005 - INFO - Fetching articles for: Charlie Kirk assassinated last month
2025-11-28 21:12:01,006 - INFO - Making API request to: https://gnews.io/api/v4/search?q=Charlie Kirk assassinated last month&token=27e168eef0cf8765a7b0c552eacd30e3&lang=en&max=10
2025-11-28 21:12:02,315 - INFO - API call #1/5
2025-11-28 21:12:02,315 - INFO - Response status code: 200
2025-11-28 21:12:02,315 - WARNING - No articles found for query: Charlie Kirk assassinated last month
2025-11-28 21:12:02,316 - INFO - Trying alternative query: Charlie Kirk assassinated
2025-11-28 21:12:03,948 - INFO - API call #2/5
2025-11-28 21:12:03,948 - INFO - Found 10 articles for alternative query: Charlie Kirk assassinated
2025-11-28 21:12:03,952 - INFO - Fetching full content for: ‘Do I have to stay until I’m assassinated like Charlie Kirk?’: Marjorie Taylor Greene lashes out at MAGA for pushing her to serve full term
2025-11-28 21:12:03,954 - INFO - Fetching article content from: https://timesofindia.indiatimes.com/world/us/do-i-have-to-stay-until-im-assassinated-like-charlie-kirk-marjorie-taylor-greene-lashes-out-at-maga-for-pushing-her-to-serve-full-term/articleshow/125592837.cms
2025-11-28 21:12:04,891 - WARNING - Could not extract meaningful content from https://timesofindia.indiatimes.com/world/us/do-i-have-to-stay-until-im-assassinated-like-charlie-kirk-marjorie-taylor-greene-lashes-out-at-maga-for-pushing-her-to-serve-full-term/articleshow/125592837.cms
2025-11-28 21:12:04,894 - WARNING - Failed to fetch content for article: ‘Do I have to stay until I’m assassinated like Charlie Kirk?’: Marjorie Taylor Greene lashes out at MAGA for pushing her to serve full term
2025-11-28 21:12:04,894 - INFO - Fetching full content for: Utah Gov. Spencer Cox on civility and the state of the country : NPR
2025-11-28 21:12:04,894 - INFO - Fetching article content from: https://www.npr.org/2025/11/25/nx-s1-5615342/spencer-cox-utah-trump-charlie-kirk-civility
2025-11-28 21:12:06,760 - INFO - Fetching full content for: Erika Kirk says she was ‘praying to God’ she was pregnant when her husband was assassinated
2025-11-28 21:12:06,760 - INFO - Fetching article content from: https://www.independent.ie/world-news/north-america/erika-kirk-says-she-was-praying-to-god-she-was-pregnant-when-her-husband-was-assassinated/a1610224511.html
2025-11-28 21:12:08,670 - INFO - Fetching full content for: Erika Kirk Was 'Praying' She Was Pregnant with Charlie Kirk's Baby After He Was Killed
2025-11-28 21:12:08,671 - INFO - Fetching article content from: https://people.com/erika-kirk-praying-she-was-pregnant-charlie-kirk-baby-after-he-was-killed-11809048
2025-11-28 21:12:09,681 - INFO - Fetching full content for: 'I was praying to God that...’: Erika Kirk makes big revelation about the day her husband Charlie died
2025-11-28 21:12:09,681 - INFO - Fetching article content from: https://timesofindia.indiatimes.com/world/us/i-was-praying-to-god-that-erika-kirk-makes-big-revelation-about-the-day-her-husband-charlie-died/articleshow/125542767.cms
2025-11-28 21:12:10,348 - WARNING - Could not extract meaningful content from https://timesofindia.indiatimes.com/world/us/i-was-praying-to-god-that-erika-kirk-makes-big-revelation-about-the-day-her-husband-charlie-died/articleshow/125542767.cms
2025-11-28 21:12:10,350 - WARNING - Failed to fetch content for article: 'I was praying to God that...’: Erika Kirk makes big revelation about the day her husband Charlie died
2025-11-28 21:12:10,350 - INFO - Fetching full content for: Erika Kirk reveals she prayed she was pregnant when her husband, Charlie, was assassinated
2025-11-28 21:12:10,350 - INFO - Fetching article content from: https://nypost.com/2025/11/24/us-news/erika-kirk-reveals-she-prayed-she-was-pregnant-when-her-husband-charlie-was-assassinated/
2025-11-28 21:12:11,342 - INFO - Fetching full content for: Charlie Kirk's Former Head of Security Speaks Out on the Rumored 'Hand Signals' His Team Allegedly Used Moments Before Conservative Activist was Assassinated (VIDEO)
2025-11-28 21:12:11,342 - INFO - Fetching article content from: https://www.thegatewaypundit.com/2025/11/charlie-kirks-former-head-security-speaks-rumored-hand/
2025-11-28 21:12:14,312 - INFO - Fetching full content for: Is Erika Kirk taking legal action against Candace Owens and her husband over Egyptian plane conspiracy theories? Here's what we know
2025-11-28 21:12:14,313 - INFO - Fetching article content from: https://www.indiatimes.com/trending/is-erika-kirk-taking-legal-action-against-candace-owens-and-her-husband-over-egyptian-plane-conspiracy-theories-heres-what-we-know/articleshow/125400791.html
2025-11-28 21:12:15,567 - INFO - Fetching full content for: Comedian Andrew Schulz: People Happy Charlie Kirk was Assassinated for His Opinions Want Due Process for People Smuggling Fentanyl into Our Country
2025-11-28 21:12:15,567 - INFO - Fetching article content from: https://www.breitbart.com/politics/2025/11/16/comedian-andrew-schulz-people-happy-charlie-kirk-was-assassinated-for-his-opinions-want-due-process-for-people-smuggling-fentanyl-into-our-country/
2025-11-28 21:12:17,453 - INFO - Fetching full content for: Comedian Andrew Schulz: People Happy Charlie Kirk was Assassinated for His Opinions Want Due Process for People Smuggling Fentanyl into Our Country
2025-11-28 21:12:17,454 - INFO - Fetching article content from: https://www.breitbart.com/entertainment/2025/11/16/comedian-andrew-schulz-people-happy-charlie-kirk-was-assassinated-for-his-opinions-want-due-process-for-people-smuggling-fentanyl-into-our-country/
2025-11-28 21:12:19,071 - INFO - Total tokens collected: 7042
2025-11-28 21:12:20,072 - INFO - Processing claim 2/5
2025-11-28 21:12:20,072 - INFO - Fetching articles for: Destiny streamer admitted CSAM legal purposes
2025-11-28 21:12:20,072 - INFO - Making API request to: https://gnews.io/api/v4/search?q=Destiny streamer admitted CSAM legal purposes&token=27e168eef0cf8765a7b0c552eacd30e3&lang=en&max=10
2025-11-28 21:12:21,139 - INFO - API call #3/5
2025-11-28 21:12:21,139 - INFO - Response status code: 200
2025-11-28 21:12:21,139 - WARNING - No articles found for query: Destiny streamer admitted CSAM legal purposes
2025-11-28 21:12:21,139 - INFO - Trying alternative query: Destiny streamer admitted
2025-11-28 21:12:22,078 - INFO - API call #4/5
2025-11-28 21:12:22,079 - WARNING - No articles found for alternative query: Destiny streamer admitted
2025-11-28 21:12:22,082 - WARNING - No articles found for query: Destiny streamer admitted CSAM legal purposes
2025-11-28 21:12:23,083 - INFO - Processing claim 3/5
2025-11-28 21:12:23,084 - INFO - Fetching articles for: Jammu missile attack Satwari Trikuta Nagar news
2025-11-28 21:12:23,084 - INFO - Making API request to: https://gnews.io/api/v4/search?q=Jammu missile attack Satwari Trikuta Nagar news&token=27e168eef0cf8765a7b0c552eacd30e3&lang=en&max=10
2025-11-28 21:12:24,531 - INFO - API call #5/5
2025-11-28 21:12:24,531 - INFO - Response status code: 200
2025-11-28 21:12:24,531 - WARNING - No articles found for query: Jammu missile attack Satwari Trikuta Nagar news
2025-11-28 21:12:24,534 - WARNING - No articles found for query: Jammu missile attack Satwari Trikuta Nagar news
2025-11-28 21:12:25,534 - WARNING - Maximum number of API calls (5) reached. Stopping further processing.
2025-11-28 21:12:25,535 - INFO - Processed 3/5 claims, 1 successful
2025-11-28 21:12:25,537 - INFO - Results saved to fact_check_results.json
2025-11-28 21:12:25,538 - INFO - Fact-checking script completed. Used 5/5 API calls.
